<?xml version="1.0" encoding="UTF-8"?>
<testsuite name="challenge.RestaurantIntegrationTest" tests="2" skipped="0" failures="2" errors="0" timestamp="2019-02-15T01:47:55" hostname="DESKTOP-5VH603J" time="23.337">
  <properties/>
  <testcase name="testSavedInRedis" classname="challenge.RestaurantIntegrationTest" time="16.632">
    <failure message="java.lang.AssertionError: &#13;&#10;Expecting actual not to be null" type="java.lang.AssertionError">java.lang.AssertionError: 
Expecting actual not to be null
	at challenge.RestaurantIntegrationTest.testSavedInRedis(RestaurantIntegrationTest.java:56)
	at sun.reflect.NativeMethodAccessorImpl.invoke0(Native Method)
	at sun.reflect.NativeMethodAccessorImpl.invoke(NativeMethodAccessorImpl.java:62)
	at sun.reflect.DelegatingMethodAccessorImpl.invoke(DelegatingMethodAccessorImpl.java:43)
	at java.lang.reflect.Method.invoke(Method.java:498)
	at org.junit.runners.model.FrameworkMethod$1.runReflectiveCall(FrameworkMethod.java:50)
	at org.junit.internal.runners.model.ReflectiveCallable.run(ReflectiveCallable.java:12)
	at org.junit.runners.model.FrameworkMethod.invokeExplosively(FrameworkMethod.java:47)
	at org.junit.internal.runners.statements.InvokeMethod.evaluate(InvokeMethod.java:17)
	at org.springframework.test.context.junit4.statements.RunBeforeTestExecutionCallbacks.evaluate(RunBeforeTestExecutionCallbacks.java:73)
	at org.springframework.test.context.junit4.statements.RunAfterTestExecutionCallbacks.evaluate(RunAfterTestExecutionCallbacks.java:83)
	at org.junit.internal.runners.statements.RunBefores.evaluate(RunBefores.java:26)
	at org.springframework.test.context.junit4.statements.RunBeforeTestMethodCallbacks.evaluate(RunBeforeTestMethodCallbacks.java:75)
	at org.springframework.test.context.junit4.statements.RunAfterTestMethodCallbacks.evaluate(RunAfterTestMethodCallbacks.java:86)
	at org.springframework.test.context.junit4.statements.SpringRepeat.evaluate(SpringRepeat.java:84)
	at org.junit.runners.ParentRunner.runLeaf(ParentRunner.java:325)
	at org.springframework.test.context.junit4.SpringJUnit4ClassRunner.runChild(SpringJUnit4ClassRunner.java:251)
	at org.springframework.test.context.junit4.SpringJUnit4ClassRunner.runChild(SpringJUnit4ClassRunner.java:97)
	at org.junit.runners.ParentRunner$3.run(ParentRunner.java:290)
	at org.junit.runners.ParentRunner$1.schedule(ParentRunner.java:71)
	at org.junit.runners.ParentRunner.runChildren(ParentRunner.java:288)
	at org.junit.runners.ParentRunner.access$000(ParentRunner.java:58)
	at org.junit.runners.ParentRunner$2.evaluate(ParentRunner.java:268)
	at org.springframework.test.context.junit4.statements.RunBeforeTestClassCallbacks.evaluate(RunBeforeTestClassCallbacks.java:61)
	at org.springframework.test.context.junit4.statements.RunAfterTestClassCallbacks.evaluate(RunAfterTestClassCallbacks.java:70)
	at org.junit.runners.ParentRunner.run(ParentRunner.java:363)
	at org.springframework.test.context.junit4.SpringJUnit4ClassRunner.run(SpringJUnit4ClassRunner.java:190)
	at org.gradle.api.internal.tasks.testing.junit.JUnitTestClassExecutor.runTestClass(JUnitTestClassExecutor.java:106)
	at org.gradle.api.internal.tasks.testing.junit.JUnitTestClassExecutor.execute(JUnitTestClassExecutor.java:58)
	at org.gradle.api.internal.tasks.testing.junit.JUnitTestClassExecutor.execute(JUnitTestClassExecutor.java:38)
	at org.gradle.api.internal.tasks.testing.junit.AbstractJUnitTestClassProcessor.processTestClass(AbstractJUnitTestClassProcessor.java:66)
	at org.gradle.api.internal.tasks.testing.SuiteTestClassProcessor.processTestClass(SuiteTestClassProcessor.java:51)
	at sun.reflect.NativeMethodAccessorImpl.invoke0(Native Method)
	at sun.reflect.NativeMethodAccessorImpl.invoke(NativeMethodAccessorImpl.java:62)
	at sun.reflect.DelegatingMethodAccessorImpl.invoke(DelegatingMethodAccessorImpl.java:43)
	at java.lang.reflect.Method.invoke(Method.java:498)
	at org.gradle.internal.dispatch.ReflectionDispatch.dispatch(ReflectionDispatch.java:35)
	at org.gradle.internal.dispatch.ReflectionDispatch.dispatch(ReflectionDispatch.java:24)
	at org.gradle.internal.dispatch.ContextClassLoaderDispatch.dispatch(ContextClassLoaderDispatch.java:32)
	at org.gradle.internal.dispatch.ProxyDispatchAdapter$DispatchingInvocationHandler.invoke(ProxyDispatchAdapter.java:93)
	at com.sun.proxy.$Proxy1.processTestClass(Unknown Source)
	at org.gradle.api.internal.tasks.testing.worker.TestWorker.processTestClass(TestWorker.java:109)
	at sun.reflect.NativeMethodAccessorImpl.invoke0(Native Method)
	at sun.reflect.NativeMethodAccessorImpl.invoke(NativeMethodAccessorImpl.java:62)
	at sun.reflect.DelegatingMethodAccessorImpl.invoke(DelegatingMethodAccessorImpl.java:43)
	at java.lang.reflect.Method.invoke(Method.java:498)
	at org.gradle.internal.dispatch.ReflectionDispatch.dispatch(ReflectionDispatch.java:35)
	at org.gradle.internal.dispatch.ReflectionDispatch.dispatch(ReflectionDispatch.java:24)
	at org.gradle.internal.remote.internal.hub.MessageHubBackedObjectConnection$DispatchWrapper.dispatch(MessageHubBackedObjectConnection.java:155)
	at org.gradle.internal.remote.internal.hub.MessageHubBackedObjectConnection$DispatchWrapper.dispatch(MessageHubBackedObjectConnection.java:137)
	at org.gradle.internal.remote.internal.hub.MessageHub$Handler.run(MessageHub.java:404)
	at org.gradle.internal.concurrent.ExecutorPolicy$CatchAndRecordFailures.onExecute(ExecutorPolicy.java:63)
	at org.gradle.internal.concurrent.ManagedExecutorImpl$1.run(ManagedExecutorImpl.java:46)
	at java.util.concurrent.ThreadPoolExecutor.runWorker(ThreadPoolExecutor.java:1149)
	at java.util.concurrent.ThreadPoolExecutor$Worker.run(ThreadPoolExecutor.java:624)
	at org.gradle.internal.concurrent.ThreadFactoryImpl$ManagedThreadRunnable.run(ThreadFactoryImpl.java:55)
	at java.lang.Thread.run(Thread.java:748)
</failure>
  </testcase>
  <testcase name="testLoadedFromRedis" classname="challenge.RestaurantIntegrationTest" time="6.679">
    <failure message="java.lang.AssertionError: &#13;&#10;Expecting:&#13;&#10;  &lt;challenge.NeighborhoodRedisTest@537a0bef&gt;&#13;&#10;to be equal to:&#13;&#10;  &lt;challenge.NeighborhoodRedisTest@207ac42b&gt;&#13;&#10;when recursively comparing field by field, but found the following difference(s):&#13;&#10;&#13;&#10;Path to difference: &lt;restaurants&gt;&#13;&#10;- actual  : &lt;[challenge.RestaurantRedisTest@d14817,&#13;&#10;    challenge.RestaurantRedisTest@d08c065,&#13;&#10;    challenge.RestaurantRedisTest@526e136,&#13;&#10;    challenge.RestaurantRedisTest@7e4e2d42,&#13;&#10;    challenge.RestaurantRedisTest@7455536c,&#13;&#10;    challenge.RestaurantRedisTest@3f95be6b,&#13;&#10;    challenge.RestaurantRedisTest@d08d7fe,&#13;&#10;    challenge.RestaurantRedisTest@2a3cf20,&#13;&#10;    challenge.RestaurantRedisTest@5cb3222b,&#13;&#10;    challenge.RestaurantRedisTest@4ec7a930,&#13;&#10;    challenge.RestaurantRedisTest@53b3031,&#13;&#10;    challenge.RestaurantRedisTest@197d2579,&#13;&#10;    challenge.RestaurantRedisTest@5c1aee07,&#13;&#10;    challenge.RestaurantRedisTest@2fe7429d,&#13;&#10;    challenge.RestaurantRedisTest@738145e8,&#13;&#10;    challenge.RestaurantRedisTest@3a7e00c,&#13;&#10;    challenge.RestaurantRedisTest@8464ca9,&#13;&#10;    challenge.RestaurantRedisTest@1da01496,&#13;&#10;    challenge.RestaurantRedisTest@64f7bccf,&#13;&#10;    challenge.RestaurantRedisTest@58ec87dd,&#13;&#10;    challenge.RestaurantRedisTest@62f5ab6d,&#13;&#10;    challenge.RestaurantRedisTest@7fec0701,&#13;&#10;    challenge.RestaurantRedisTest@26a4ddf7,&#13;&#10;    challenge.RestaurantRedisTest@1a4a6491,&#13;&#10;    challenge.RestaurantRedisTest@552b0a76,&#13;&#10;    challenge.RestaurantRedisTest@4ae0cbdd,&#13;&#10;    challenge.RestaurantRedisTest@4aabfc13,&#13;&#10;    challenge.RestaurantRedisTest@38c673b,&#13;&#10;    challenge.RestaurantRedisTest@e79b586,&#13;&#10;    challenge.RestaurantRedisTest@420b29b7,&#13;&#10;    challenge.RestaurantRedisTest@57d51e81,&#13;&#10;    challenge.RestaurantRedisTest@37801eff,&#13;&#10;    challenge.RestaurantRedisTest@7496580c,&#13;&#10;    challenge.RestaurantRedisTest@6f4b81b8,&#13;&#10;    challenge.RestaurantRedisTest@1095abc6,&#13;&#10;    challenge.RestaurantRedisTest@275538cd,&#13;&#10;    challenge.RestaurantRedisTest@61c54213,&#13;&#10;    challenge.RestaurantRedisTest@523049d2,&#13;&#10;    challenge.RestaurantRedisTest@6f4603c9,&#13;&#10;    challenge.RestaurantRedisTest@61dbcdbc,&#13;&#10;    challenge.RestaurantRedisTest@2a45ce4e,&#13;&#10;    challenge.RestaurantRedisTest@7a6b6c0d,&#13;&#10;    challenge.RestaurantRedisTest@256c70c2,&#13;&#10;    challenge.RestaurantRedisTest@1a65effe,&#13;&#10;    challenge.RestaurantRedisTest@1e567542,&#13;&#10;    challenge.RestaurantRedisTest@3f7c6981,&#13;&#10;    challenge.RestaurantRedisTest@79d0f4cc,&#13;&#10;    challenge.RestaurantRedisTest@4c7fee17,&#13;&#10;    challenge.RestaurantRedisTest@61ae7ebf,&#13;&#10;    challenge.RestaurantRedisTest@3dc2236a,&#13;&#10;    challenge.RestaurantRedisTest@43cac68a,&#13;&#10;    challenge.RestaurantRedisTest@707697b2,&#13;&#10;    challenge.RestaurantRedisTest@623f5485,&#13;&#10;    challenge.RestaurantRedisTest@4ecae2db,&#13;&#10;    challenge.RestaurantRedisTest@5b21931e,&#13;&#10;    challenge.RestaurantRedisTest@1fae44cf,&#13;&#10;    challenge.RestaurantRedisTest@72db0c3,&#13;&#10;    challenge.RestaurantRedisTest@1e6846c7,&#13;&#10;    challenge.RestaurantRedisTest@49069f77,&#13;&#10;    challenge.RestaurantRedisTest@246332a4,&#13;&#10;    challenge.RestaurantRedisTest@4e223543,&#13;&#10;    challenge.RestaurantRedisTest@12200c3e,&#13;&#10;    challenge.RestaurantRedisTest@6f20c42a,&#13;&#10;    challenge.RestaurantRedisTest@52eb2d78,&#13;&#10;    challenge.RestaurantRedisTest@dbc824b,&#13;&#10;    challenge.RestaurantRedisTest@1f6f2e3e,&#13;&#10;    challenge.RestaurantRedisTest@7607b86d,&#13;&#10;    challenge.RestaurantRedisTest@7d8cdb38,&#13;&#10;    challenge.RestaurantRedisTest@144ba018,&#13;&#10;    challenge.RestaurantRedisTest@72336271,&#13;&#10;    challenge.RestaurantRedisTest@39bc788a,&#13;&#10;    challenge.RestaurantRedisTest@22f2319e,&#13;&#10;    challenge.RestaurantRedisTest@6bf01eb8,&#13;&#10;    challenge.RestaurantRedisTest@239d95d,&#13;&#10;    challenge.RestaurantRedisTest@589b99b8,&#13;&#10;    challenge.RestaurantRedisTest@6b562df4,&#13;&#10;    challenge.RestaurantRedisTest@b8ebf8,&#13;&#10;    challenge.RestaurantRedisTest@4c072983,&#13;&#10;    challenge.RestaurantRedisTest@48d52fe2,&#13;&#10;    challenge.RestaurantRedisTest@12b68281,&#13;&#10;    challenge.RestaurantRedisTest@55965c04,&#13;&#10;    challenge.RestaurantRedisTest@20a82c04,&#13;&#10;    challenge.RestaurantRedisTest@4163bdcc,&#13;&#10;    challenge.RestaurantRedisTest@67e79deb,&#13;&#10;    challenge.RestaurantRedisTest@769b6f,&#13;&#10;    challenge.RestaurantRedisTest@61df4f69,&#13;&#10;    challenge.RestaurantRedisTest@3d0e0343,&#13;&#10;    challenge.RestaurantRedisTest@665dd9cc,&#13;&#10;    challenge.RestaurantRedisTest@52c48b8b,&#13;&#10;    challenge.RestaurantRedisTest@497b32bd,&#13;&#10;    challenge.RestaurantRedisTest@4a224ca,&#13;&#10;    challenge.RestaurantRedisTest@c390e2b,&#13;&#10;    challenge.RestaurantRedisTest@7a5744f4,&#13;&#10;    challenge.RestaurantRedisTest@6aa96fd9,&#13;&#10;    challenge.RestaurantRedisTest@7f388232,&#13;&#10;    challenge.RestaurantRedisTest@3bb483a8,&#13;&#10;    challenge.RestaurantRedisTest@7b8410ce,&#13;&#10;    challenge.RestaurantRedisTest@5af26fc0,&#13;&#10;    challenge.RestaurantRedisTest@61e04fbe,&#13;&#10;    challenge.RestaurantRedisTest@7ed639e9,&#13;&#10;    challenge.RestaurantRedisTest@258f549d,&#13;&#10;    challenge.RestaurantRedisTest@6c4ab383,&#13;&#10;    challenge.RestaurantRedisTest@f349c0b,&#13;&#10;    challenge.RestaurantRedisTest@40e2e575,&#13;&#10;    challenge.RestaurantRedisTest@1f967a48,&#13;&#10;    challenge.RestaurantRedisTest@26790492,&#13;&#10;    challenge.RestaurantRedisTest@d861092,&#13;&#10;    challenge.RestaurantRedisTest@5a18951a,&#13;&#10;    challenge.RestaurantRedisTest@76f0e02b,&#13;&#10;    challenge.RestaurantRedisTest@184337f3,&#13;&#10;    challenge.RestaurantRedisTest@257cb6e9,&#13;&#10;    challenge.RestaurantRedisTest@3b524719,&#13;&#10;    challenge.RestaurantRedisTest@4ad219e0,&#13;&#10;    challenge.RestaurantRedisTest@4b2f53e6,&#13;&#10;    challenge.RestaurantRedisTest@b247f94,&#13;&#10;    challenge.RestaurantRedisTest@22679b66,&#13;&#10;    challenge.RestaurantRedisTest@78209bd3,&#13;&#10;    challenge.RestaurantRedisTest@49214752,&#13;&#10;    challenge.RestaurantRedisTest@61d1593d,&#13;&#10;    challenge.RestaurantRedisTest@7f7352ca,&#13;&#10;    challenge.RestaurantRedisTest@3f1b0f4,&#13;&#10;    challenge.RestaurantRedisTest@40296c0f,&#13;&#10;    challenge.RestaurantRedisTest@2b5acd86,&#13;&#10;    challenge.RestaurantRedisTest@4eda2f25,&#13;&#10;    challenge.RestaurantRedisTest@40a2401a,&#13;&#10;    challenge.RestaurantRedisTest@4be01515,&#13;&#10;    challenge.RestaurantRedisTest@362bd712,&#13;&#10;    challenge.RestaurantRedisTest@291765f5,&#13;&#10;    challenge.RestaurantRedisTest@7be7525d,&#13;&#10;    challenge.RestaurantRedisTest@30e4a889,&#13;&#10;    challenge.RestaurantRedisTest@589f7ac0]&gt;&#13;&#10;- expected: &lt;[challenge.RestaurantRedisTest@4a3594eb]&gt;" type="java.lang.AssertionError">java.lang.AssertionError: 
Expecting:
  &lt;challenge.NeighborhoodRedisTest@537a0bef&gt;
to be equal to:
  &lt;challenge.NeighborhoodRedisTest@207ac42b&gt;
when recursively comparing field by field, but found the following difference(s):

Path to difference: &lt;restaurants&gt;
- actual  : &lt;[challenge.RestaurantRedisTest@d14817,
    challenge.RestaurantRedisTest@d08c065,
    challenge.RestaurantRedisTest@526e136,
    challenge.RestaurantRedisTest@7e4e2d42,
    challenge.RestaurantRedisTest@7455536c,
    challenge.RestaurantRedisTest@3f95be6b,
    challenge.RestaurantRedisTest@d08d7fe,
    challenge.RestaurantRedisTest@2a3cf20,
    challenge.RestaurantRedisTest@5cb3222b,
    challenge.RestaurantRedisTest@4ec7a930,
    challenge.RestaurantRedisTest@53b3031,
    challenge.RestaurantRedisTest@197d2579,
    challenge.RestaurantRedisTest@5c1aee07,
    challenge.RestaurantRedisTest@2fe7429d,
    challenge.RestaurantRedisTest@738145e8,
    challenge.RestaurantRedisTest@3a7e00c,
    challenge.RestaurantRedisTest@8464ca9,
    challenge.RestaurantRedisTest@1da01496,
    challenge.RestaurantRedisTest@64f7bccf,
    challenge.RestaurantRedisTest@58ec87dd,
    challenge.RestaurantRedisTest@62f5ab6d,
    challenge.RestaurantRedisTest@7fec0701,
    challenge.RestaurantRedisTest@26a4ddf7,
    challenge.RestaurantRedisTest@1a4a6491,
    challenge.RestaurantRedisTest@552b0a76,
    challenge.RestaurantRedisTest@4ae0cbdd,
    challenge.RestaurantRedisTest@4aabfc13,
    challenge.RestaurantRedisTest@38c673b,
    challenge.RestaurantRedisTest@e79b586,
    challenge.RestaurantRedisTest@420b29b7,
    challenge.RestaurantRedisTest@57d51e81,
    challenge.RestaurantRedisTest@37801eff,
    challenge.RestaurantRedisTest@7496580c,
    challenge.RestaurantRedisTest@6f4b81b8,
    challenge.RestaurantRedisTest@1095abc6,
    challenge.RestaurantRedisTest@275538cd,
    challenge.RestaurantRedisTest@61c54213,
    challenge.RestaurantRedisTest@523049d2,
    challenge.RestaurantRedisTest@6f4603c9,
    challenge.RestaurantRedisTest@61dbcdbc,
    challenge.RestaurantRedisTest@2a45ce4e,
    challenge.RestaurantRedisTest@7a6b6c0d,
    challenge.RestaurantRedisTest@256c70c2,
    challenge.RestaurantRedisTest@1a65effe,
    challenge.RestaurantRedisTest@1e567542,
    challenge.RestaurantRedisTest@3f7c6981,
    challenge.RestaurantRedisTest@79d0f4cc,
    challenge.RestaurantRedisTest@4c7fee17,
    challenge.RestaurantRedisTest@61ae7ebf,
    challenge.RestaurantRedisTest@3dc2236a,
    challenge.RestaurantRedisTest@43cac68a,
    challenge.RestaurantRedisTest@707697b2,
    challenge.RestaurantRedisTest@623f5485,
    challenge.RestaurantRedisTest@4ecae2db,
    challenge.RestaurantRedisTest@5b21931e,
    challenge.RestaurantRedisTest@1fae44cf,
    challenge.RestaurantRedisTest@72db0c3,
    challenge.RestaurantRedisTest@1e6846c7,
    challenge.RestaurantRedisTest@49069f77,
    challenge.RestaurantRedisTest@246332a4,
    challenge.RestaurantRedisTest@4e223543,
    challenge.RestaurantRedisTest@12200c3e,
    challenge.RestaurantRedisTest@6f20c42a,
    challenge.RestaurantRedisTest@52eb2d78,
    challenge.RestaurantRedisTest@dbc824b,
    challenge.RestaurantRedisTest@1f6f2e3e,
    challenge.RestaurantRedisTest@7607b86d,
    challenge.RestaurantRedisTest@7d8cdb38,
    challenge.RestaurantRedisTest@144ba018,
    challenge.RestaurantRedisTest@72336271,
    challenge.RestaurantRedisTest@39bc788a,
    challenge.RestaurantRedisTest@22f2319e,
    challenge.RestaurantRedisTest@6bf01eb8,
    challenge.RestaurantRedisTest@239d95d,
    challenge.RestaurantRedisTest@589b99b8,
    challenge.RestaurantRedisTest@6b562df4,
    challenge.RestaurantRedisTest@b8ebf8,
    challenge.RestaurantRedisTest@4c072983,
    challenge.RestaurantRedisTest@48d52fe2,
    challenge.RestaurantRedisTest@12b68281,
    challenge.RestaurantRedisTest@55965c04,
    challenge.RestaurantRedisTest@20a82c04,
    challenge.RestaurantRedisTest@4163bdcc,
    challenge.RestaurantRedisTest@67e79deb,
    challenge.RestaurantRedisTest@769b6f,
    challenge.RestaurantRedisTest@61df4f69,
    challenge.RestaurantRedisTest@3d0e0343,
    challenge.RestaurantRedisTest@665dd9cc,
    challenge.RestaurantRedisTest@52c48b8b,
    challenge.RestaurantRedisTest@497b32bd,
    challenge.RestaurantRedisTest@4a224ca,
    challenge.RestaurantRedisTest@c390e2b,
    challenge.RestaurantRedisTest@7a5744f4,
    challenge.RestaurantRedisTest@6aa96fd9,
    challenge.RestaurantRedisTest@7f388232,
    challenge.RestaurantRedisTest@3bb483a8,
    challenge.RestaurantRedisTest@7b8410ce,
    challenge.RestaurantRedisTest@5af26fc0,
    challenge.RestaurantRedisTest@61e04fbe,
    challenge.RestaurantRedisTest@7ed639e9,
    challenge.RestaurantRedisTest@258f549d,
    challenge.RestaurantRedisTest@6c4ab383,
    challenge.RestaurantRedisTest@f349c0b,
    challenge.RestaurantRedisTest@40e2e575,
    challenge.RestaurantRedisTest@1f967a48,
    challenge.RestaurantRedisTest@26790492,
    challenge.RestaurantRedisTest@d861092,
    challenge.RestaurantRedisTest@5a18951a,
    challenge.RestaurantRedisTest@76f0e02b,
    challenge.RestaurantRedisTest@184337f3,
    challenge.RestaurantRedisTest@257cb6e9,
    challenge.RestaurantRedisTest@3b524719,
    challenge.RestaurantRedisTest@4ad219e0,
    challenge.RestaurantRedisTest@4b2f53e6,
    challenge.RestaurantRedisTest@b247f94,
    challenge.RestaurantRedisTest@22679b66,
    challenge.RestaurantRedisTest@78209bd3,
    challenge.RestaurantRedisTest@49214752,
    challenge.RestaurantRedisTest@61d1593d,
    challenge.RestaurantRedisTest@7f7352ca,
    challenge.RestaurantRedisTest@3f1b0f4,
    challenge.RestaurantRedisTest@40296c0f,
    challenge.RestaurantRedisTest@2b5acd86,
    challenge.RestaurantRedisTest@4eda2f25,
    challenge.RestaurantRedisTest@40a2401a,
    challenge.RestaurantRedisTest@4be01515,
    challenge.RestaurantRedisTest@362bd712,
    challenge.RestaurantRedisTest@291765f5,
    challenge.RestaurantRedisTest@7be7525d,
    challenge.RestaurantRedisTest@30e4a889,
    challenge.RestaurantRedisTest@589f7ac0]&gt;
- expected: &lt;[challenge.RestaurantRedisTest@4a3594eb]&gt;
	at challenge.RestaurantIntegrationTest.testLoadedFromRedis(RestaurantIntegrationTest.java:110)
	at sun.reflect.NativeMethodAccessorImpl.invoke0(Native Method)
	at sun.reflect.NativeMethodAccessorImpl.invoke(NativeMethodAccessorImpl.java:62)
	at sun.reflect.DelegatingMethodAccessorImpl.invoke(DelegatingMethodAccessorImpl.java:43)
	at java.lang.reflect.Method.invoke(Method.java:498)
	at org.junit.runners.model.FrameworkMethod$1.runReflectiveCall(FrameworkMethod.java:50)
	at org.junit.internal.runners.model.ReflectiveCallable.run(ReflectiveCallable.java:12)
	at org.junit.runners.model.FrameworkMethod.invokeExplosively(FrameworkMethod.java:47)
	at org.junit.internal.runners.statements.InvokeMethod.evaluate(InvokeMethod.java:17)
	at org.springframework.test.context.junit4.statements.RunBeforeTestExecutionCallbacks.evaluate(RunBeforeTestExecutionCallbacks.java:73)
	at org.springframework.test.context.junit4.statements.RunAfterTestExecutionCallbacks.evaluate(RunAfterTestExecutionCallbacks.java:83)
	at org.junit.internal.runners.statements.RunBefores.evaluate(RunBefores.java:26)
	at org.springframework.test.context.junit4.statements.RunBeforeTestMethodCallbacks.evaluate(RunBeforeTestMethodCallbacks.java:75)
	at org.springframework.test.context.junit4.statements.RunAfterTestMethodCallbacks.evaluate(RunAfterTestMethodCallbacks.java:86)
	at org.springframework.test.context.junit4.statements.SpringRepeat.evaluate(SpringRepeat.java:84)
	at org.junit.runners.ParentRunner.runLeaf(ParentRunner.java:325)
	at org.springframework.test.context.junit4.SpringJUnit4ClassRunner.runChild(SpringJUnit4ClassRunner.java:251)
	at org.springframework.test.context.junit4.SpringJUnit4ClassRunner.runChild(SpringJUnit4ClassRunner.java:97)
	at org.junit.runners.ParentRunner$3.run(ParentRunner.java:290)
	at org.junit.runners.ParentRunner$1.schedule(ParentRunner.java:71)
	at org.junit.runners.ParentRunner.runChildren(ParentRunner.java:288)
	at org.junit.runners.ParentRunner.access$000(ParentRunner.java:58)
	at org.junit.runners.ParentRunner$2.evaluate(ParentRunner.java:268)
	at org.springframework.test.context.junit4.statements.RunBeforeTestClassCallbacks.evaluate(RunBeforeTestClassCallbacks.java:61)
	at org.springframework.test.context.junit4.statements.RunAfterTestClassCallbacks.evaluate(RunAfterTestClassCallbacks.java:70)
	at org.junit.runners.ParentRunner.run(ParentRunner.java:363)
	at org.springframework.test.context.junit4.SpringJUnit4ClassRunner.run(SpringJUnit4ClassRunner.java:190)
	at org.gradle.api.internal.tasks.testing.junit.JUnitTestClassExecutor.runTestClass(JUnitTestClassExecutor.java:106)
	at org.gradle.api.internal.tasks.testing.junit.JUnitTestClassExecutor.execute(JUnitTestClassExecutor.java:58)
	at org.gradle.api.internal.tasks.testing.junit.JUnitTestClassExecutor.execute(JUnitTestClassExecutor.java:38)
	at org.gradle.api.internal.tasks.testing.junit.AbstractJUnitTestClassProcessor.processTestClass(AbstractJUnitTestClassProcessor.java:66)
	at org.gradle.api.internal.tasks.testing.SuiteTestClassProcessor.processTestClass(SuiteTestClassProcessor.java:51)
	at sun.reflect.NativeMethodAccessorImpl.invoke0(Native Method)
	at sun.reflect.NativeMethodAccessorImpl.invoke(NativeMethodAccessorImpl.java:62)
	at sun.reflect.DelegatingMethodAccessorImpl.invoke(DelegatingMethodAccessorImpl.java:43)
	at java.lang.reflect.Method.invoke(Method.java:498)
	at org.gradle.internal.dispatch.ReflectionDispatch.dispatch(ReflectionDispatch.java:35)
	at org.gradle.internal.dispatch.ReflectionDispatch.dispatch(ReflectionDispatch.java:24)
	at org.gradle.internal.dispatch.ContextClassLoaderDispatch.dispatch(ContextClassLoaderDispatch.java:32)
	at org.gradle.internal.dispatch.ProxyDispatchAdapter$DispatchingInvocationHandler.invoke(ProxyDispatchAdapter.java:93)
	at com.sun.proxy.$Proxy1.processTestClass(Unknown Source)
	at org.gradle.api.internal.tasks.testing.worker.TestWorker.processTestClass(TestWorker.java:109)
	at sun.reflect.NativeMethodAccessorImpl.invoke0(Native Method)
	at sun.reflect.NativeMethodAccessorImpl.invoke(NativeMethodAccessorImpl.java:62)
	at sun.reflect.DelegatingMethodAccessorImpl.invoke(DelegatingMethodAccessorImpl.java:43)
	at java.lang.reflect.Method.invoke(Method.java:498)
	at org.gradle.internal.dispatch.ReflectionDispatch.dispatch(ReflectionDispatch.java:35)
	at org.gradle.internal.dispatch.ReflectionDispatch.dispatch(ReflectionDispatch.java:24)
	at org.gradle.internal.remote.internal.hub.MessageHubBackedObjectConnection$DispatchWrapper.dispatch(MessageHubBackedObjectConnection.java:155)
	at org.gradle.internal.remote.internal.hub.MessageHubBackedObjectConnection$DispatchWrapper.dispatch(MessageHubBackedObjectConnection.java:137)
	at org.gradle.internal.remote.internal.hub.MessageHub$Handler.run(MessageHub.java:404)
	at org.gradle.internal.concurrent.ExecutorPolicy$CatchAndRecordFailures.onExecute(ExecutorPolicy.java:63)
	at org.gradle.internal.concurrent.ManagedExecutorImpl$1.run(ManagedExecutorImpl.java:46)
	at java.util.concurrent.ThreadPoolExecutor.runWorker(ThreadPoolExecutor.java:1149)
	at java.util.concurrent.ThreadPoolExecutor$Worker.run(ThreadPoolExecutor.java:624)
	at org.gradle.internal.concurrent.ThreadFactoryImpl$ManagedThreadRunnable.run(ThreadFactoryImpl.java:55)
	at java.lang.Thread.run(Thread.java:748)
</failure>
  </testcase>
  <system-out><![CDATA[23:46:54.567 [Test worker] DEBUG org.springframework.test.context.junit4.SpringJUnit4ClassRunner - SpringJUnit4ClassRunner constructor called with [class challenge.RestaurantIntegrationTest]
23:46:54.626 [Test worker] DEBUG org.springframework.test.context.BootstrapUtils - Instantiating CacheAwareContextLoaderDelegate from class [org.springframework.test.context.cache.DefaultCacheAwareContextLoaderDelegate]
23:46:54.654 [Test worker] DEBUG org.springframework.test.context.BootstrapUtils - Instantiating BootstrapContext using constructor [public org.springframework.test.context.support.DefaultBootstrapContext(java.lang.Class,org.springframework.test.context.CacheAwareContextLoaderDelegate)]
23:46:54.716 [Test worker] DEBUG org.springframework.test.context.BootstrapUtils - Instantiating TestContextBootstrapper for test class [challenge.RestaurantIntegrationTest] from class [org.springframework.boot.test.context.SpringBootTestContextBootstrapper]
23:46:54.822 [Test worker] INFO org.springframework.boot.test.context.SpringBootTestContextBootstrapper - Neither @ContextConfiguration nor @ContextHierarchy found for test class [challenge.RestaurantIntegrationTest], using SpringBootContextLoader
23:46:54.830 [Test worker] DEBUG org.springframework.test.context.support.AbstractContextLoader - Did not detect default resource location for test class [challenge.RestaurantIntegrationTest]: class path resource [challenge/RestaurantIntegrationTest-context.xml] does not exist
23:46:54.832 [Test worker] DEBUG org.springframework.test.context.support.AbstractContextLoader - Did not detect default resource location for test class [challenge.RestaurantIntegrationTest]: class path resource [challenge/RestaurantIntegrationTestContext.groovy] does not exist
23:46:54.835 [Test worker] INFO org.springframework.test.context.support.AbstractContextLoader - Could not detect default resource locations for test class [challenge.RestaurantIntegrationTest]: no resource found for suffixes {-context.xml, Context.groovy}.
23:46:54.839 [Test worker] INFO org.springframework.test.context.support.AnnotationConfigContextLoaderUtils - Could not detect default configuration classes for test class [challenge.RestaurantIntegrationTest]: RestaurantIntegrationTest does not declare any static, non-private, non-final, nested classes annotated with @Configuration.
23:46:55.500 [Test worker] DEBUG org.springframework.test.context.support.ActiveProfilesUtils - Could not find an 'annotation declaring class' for annotation type [org.springframework.test.context.ActiveProfiles] and class [challenge.RestaurantIntegrationTest]
23:46:55.552 [Test worker] DEBUG org.springframework.core.env.StandardEnvironment - Adding PropertySource 'systemProperties' with lowest search precedence
23:46:55.553 [Test worker] DEBUG org.springframework.core.env.StandardEnvironment - Adding PropertySource 'systemEnvironment' with lowest search precedence
23:46:55.554 [Test worker] DEBUG org.springframework.core.env.StandardEnvironment - Initialized StandardEnvironment with PropertySources [MapPropertySource@806199752 {name='systemProperties', properties={java.runtime.name=Java(TM) SE Runtime Environment, sun.boot.library.path=C:\Program Files\Java\jdk1.8.0_201\jre\bin, java.vm.version=25.201-b09, java.vm.vendor=Oracle Corporation, java.vendor.url=http://java.oracle.com/, path.separator=;, java.vm.name=Java HotSpot(TM) 64-Bit Server VM, file.encoding.pkg=sun.io, user.script=, sun.java.launcher=SUN_STANDARD, user.country=US, sun.os.patch.level=, java.vm.specification.name=Java Virtual Machine Specification, user.dir=C:\Users\Helena\codenation\java-redis, java.runtime.version=1.8.0_201-b09, java.awt.graphicsenv=sun.awt.Win32GraphicsEnvironment, java.endorsed.dirs=C:\Program Files\Java\jdk1.8.0_201\jre\lib\endorsed, os.arch=amd64, java.io.tmpdir=C:\Users\Helena\AppData\Local\Temp\, line.separator=
, java.vm.specification.vendor=Oracle Corporation, user.variant=, os.name=Windows 10, sun.jnu.encoding=Cp1252, java.library.path=C:\Program Files\Java\jdk1.8.0_201\bin;C:\WINDOWS\Sun\Java\bin;C:\WINDOWS\system32;C:\WINDOWS;C:\Program Files (x86)\Common Files\Oracle\Java\javapath;C:\WINDOWS\system32;C:\WINDOWS;C:\WINDOWS\System32\Wbem;C:\WINDOWS\System32\WindowsPowerShell\v1.0\;C:\Program Files\PuTTY\;C:\Program Files\Git\cmd;C:\Program Files\Java\jdk1.8.0_201\bin;C:\gradle-5.1.1\bin;C:\WINDOWS\System32\OpenSSH\;C:\Program Files\MongoDB\Server\4.0\bin;C:\HashiCorp\Vagrant\bin;C:\Users\Helena\AppData\Local\Microsoft\WindowsApps;;., java.specification.name=Java Platform API Specification, java.class.version=52.0, org.gradle.native=false, sun.management.compiler=HotSpot 64-Bit Tiered Compilers, os.version=10.0, user.home=C:\Users\Helena, user.timezone=America/Sao_Paulo, java.awt.printerjob=sun.awt.windows.WPrinterJob, file.encoding=windows-1252, java.specification.version=1.8, java.class.path=C:\Users\Helena\codenation\java-redis\build\classes\java\test;C:\Users\Helena\codenation\java-redis\build\resources\test;C:\Users\Helena\codenation\java-redis\build\classes\java\main;C:\Users\Helena\codenation\java-redis\build\resources\main;C:\Users\Helena\.gradle\caches\modules-2\files-2.1\org.springframework.boot\spring-boot-starter-data-mongodb\2.0.6.RELEASE\8fc521182921da00cfc6e6aa7bed99993c89194b\spring-boot-starter-data-mongodb-2.0.6.RELEASE.jar;C:\Users\Helena\.gradle\caches\modules-2\files-2.1\org.springframework.boot\spring-boot-starter-data-redis\2.0.6.RELEASE\3a9617eddbeb6829a1878c561619dd1c674b18fc\spring-boot-starter-data-redis-2.0.6.RELEASE.jar;C:\Users\Helena\.gradle\caches\modules-2\files-2.1\org.springframework.boot\spring-boot-starter-web\2.0.6.RELEASE\e803fc341b450b2ce01734df12e5881b8e78c0a7\spring-boot-starter-web-2.0.6.RELEASE.jar;C:\Users\Helena\.gradle\caches\modules-2\files-2.1\org.springframework.boot\spring-boot-starter-test\2.0.6.RELEASE\f92fd015cfc9a9bd6ae653dca8d4ec5b83d4ba00\spring-boot-starter-test-2.0.6.RELEASE.jar;C:\Users\Helena\.gradle\caches\modules-2\files-2.1\org.springframework.boot\spring-boot-starter-json\2.0.6.RELEASE\1b3912af3eecdbbc6cda497acc7939f2ce21e39d\spring-boot-starter-json-2.0.6.RELEASE.jar;C:\Users\Helena\.gradle\caches\modules-2\files-2.1\org.springframework.boot\spring-boot-starter\2.0.6.RELEASE\9d904a4387e076343a3478c32198ec7d9d633ff4\spring-boot-starter-2.0.6.RELEASE.jar;C:\Users\Helena\.gradle\caches\modules-2\files-2.1\org.mongodb\mongodb-driver\3.6.4\4ddaa4520e9b3a9255ae138f782d73432be6787d\mongodb-driver-3.6.4.jar;C:\Users\Helena\.gradle\caches\modules-2\files-2.1\org.springframework.data\spring-data-mongodb\2.0.11.RELEASE\8824f5c555f21c2b80e1c277ec2c899ecf6cc31f\spring-data-mongodb-2.0.11.RELEASE.jar;C:\Users\Helena\.gradle\caches\modules-2\files-2.1\org.springframework.data\spring-data-redis\2.0.11.RELEASE\8125839e776abd60181dc782892985b3e293aac7\spring-data-redis-2.0.11.RELEASE.jar;C:\Users\Helena\.gradle\caches\modules-2\files-2.1\io.lettuce\lettuce-core\5.0.5.RELEASE\d6263965c5dfa8c440940842e2bbfece0044b7f6\lettuce-core-5.0.5.RELEASE.jar;C:\Users\Helena\.gradle\caches\modules-2\files-2.1\org.springframework.boot\spring-boot-starter-tomcat\2.0.6.RELEASE\64b22bc3d0ba734532e7cbe941354985f2a86242\spring-boot-starter-tomcat-2.0.6.RELEASE.jar;C:\Users\Helena\.gradle\caches\modules-2\files-2.1\org.hibernate.validator\hibernate-validator\6.0.13.Final\af4232bf90ecd33c71147d67185dbb1cfe8f33df\hibernate-validator-6.0.13.Final.jar;C:\Users\Helena\.gradle\caches\modules-2\files-2.1\org.springframework\spring-webmvc\5.0.10.RELEASE\88a601321e2b4e3b84eed0909c24b9dd8e453b5f\spring-webmvc-5.0.10.RELEASE.jar;C:\Users\Helena\.gradle\caches\modules-2\files-2.1\org.springframework\spring-web\5.0.10.RELEASE\fbaaa53ec99f45fd7aaf9125beeb5c3388cce088\spring-web-5.0.10.RELEASE.jar;C:\Users\Helena\.gradle\caches\modules-2\files-2.1\org.springframework.boot\spring-boot-test-autoconfigure\2.0.6.RELEASE\b0eb15474e795850dfa59b01ee6a83d7a39e3645\spring-boot-test-autoconfigure-2.0.6.RELEASE.jar;C:\Users\Helena\.gradle\caches\modules-2\files-2.1\org.springframework.boot\spring-boot-test\2.0.6.RELEASE\33a53ca6d55f35b3a89320c260262a5310ba8afc\spring-boot-test-2.0.6.RELEASE.jar;C:\Users\Helena\.gradle\caches\modules-2\files-2.1\com.jayway.jsonpath\json-path\2.4.0\765a4401ceb2dc8d40553c2075eb80a8fa35c2ae\json-path-2.4.0.jar;C:\Users\Helena\.gradle\caches\modules-2\files-2.1\junit\junit\4.12\2973d150c0dc1fefe998f834810d68f278ea58ec\junit-4.12.jar;C:\Users\Helena\.gradle\caches\modules-2\files-2.1\org.assertj\assertj-core\3.9.1\c5ce126b15f28d56cd8f960c1a6a058b9c9aea87\assertj-core-3.9.1.jar;C:\Users\Helena\.gradle\caches\modules-2\files-2.1\org.mockito\mockito-core\2.15.0\b84bfbbc29cd22c9529409627af6ea2897f4fa85\mockito-core-2.15.0.jar;C:\Users\Helena\.gradle\caches\modules-2\files-2.1\org.hamcrest\hamcrest-library\1.3\4785a3c21320980282f9f33d0d1264a69040538f\hamcrest-library-1.3.jar;C:\Users\Helena\.gradle\caches\modules-2\files-2.1\org.hamcrest\hamcrest-core\1.3\42a25dc3219429f0e5d060061f71acb49bf010a0\hamcrest-core-1.3.jar;C:\Users\Helena\.gradle\caches\modules-2\files-2.1\org.skyscreamer\jsonassert\1.5.0\6c9d5fe2f59da598d9aefc1cfc6528ff3cf32df3\jsonassert-1.5.0.jar;C:\Users\Helena\.gradle\caches\modules-2\files-2.1\org.springframework\spring-test\5.0.10.RELEASE\1d2d272073f36c689c693ec3ec94d7ad7e136a2e\spring-test-5.0.10.RELEASE.jar;C:\Users\Helena\.gradle\caches\modules-2\files-2.1\org.springframework.boot\spring-boot-autoconfigure\2.0.6.RELEASE\e8c88fd703dbdf79f94178a5018ad67d1ecb1d0d\spring-boot-autoconfigure-2.0.6.RELEASE.jar;C:\Users\Helena\.gradle\caches\modules-2\files-2.1\org.springframework.boot\spring-boot\2.0.6.RELEASE\4d214b08bbc74f03d404e8fc862102334e0f73d1\spring-boot-2.0.6.RELEASE.jar;C:\Users\Helena\.gradle\caches\modules-2\files-2.1\org.springframework.data\spring-data-keyvalue\2.0.11.RELEASE\8b8184255b4cb2fcca8aeae956e9bd61668310a4\spring-data-keyvalue-2.0.11.RELEASE.jar;C:\Users\Helena\.gradle\caches\modules-2\files-2.1\org.springframework\spring-tx\5.0.10.RELEASE\55608ae84fde15eb942d675e3b1ee7d30394d4cb\spring-tx-5.0.10.RELEASE.jar;C:\Users\Helena\.gradle\caches\modules-2\files-2.1\org.springframework\spring-context-support\5.0.10.RELEASE\61b3159aceaae05118bfe2a7fcd4141921986a78\spring-context-support-5.0.10.RELEASE.jar;C:\Users\Helena\.gradle\caches\modules-2\files-2.1\org.springframework\spring-context\5.0.10.RELEASE\6f53de0618219fefc2aebf92ba175e6b33e14ce0\spring-context-5.0.10.RELEASE.jar;C:\Users\Helena\.gradle\caches\modules-2\files-2.1\org.springframework\spring-oxm\5.0.10.RELEASE\f6d583cbf03e625b65647ca1fc7929d5fbfe42da\spring-oxm-5.0.10.RELEASE.jar;C:\Users\Helena\.gradle\caches\modules-2\files-2.1\org.springframework\spring-aop\5.0.10.RELEASE\da65874f61aef9c25db794f493e50683346d3056\spring-aop-5.0.10.RELEASE.jar;C:\Users\Helena\.gradle\caches\modules-2\files-2.1\org.springframework.data\spring-data-commons\2.0.11.RELEASE\273e5cd5d6e772b5c4208b12771ed48647b2b9bb\spring-data-commons-2.0.11.RELEASE.jar;C:\Users\Helena\.gradle\caches\modules-2\files-2.1\org.springframework\spring-beans\5.0.10.RELEASE\8ec7da928082a123c50d5d70cd4b46382db27e8b\spring-beans-5.0.10.RELEASE.jar;C:\Users\Helena\.gradle\caches\modules-2\files-2.1\org.springframework\spring-expression\5.0.10.RELEASE\eaf8595e3bf18ef1aca1c233d9871552d258e38a\spring-expression-5.0.10.RELEASE.jar;C:\Users\Helena\.gradle\caches\modules-2\files-2.1\org.springframework\spring-core\5.0.10.RELEASE\cb270a60ceb573961588f511222984de64b4bc96\spring-core-5.0.10.RELEASE.jar;C:\Users\Helena\.gradle\caches\modules-2\files-2.1\org.xmlunit\xmlunit-core\2.5.1\4ffdb346572a7356f7521cd3119ce5287d2e339d\xmlunit-core-2.5.1.jar;C:\Users\Helena\.gradle\caches\modules-2\files-2.1\org.springframework.boot\spring-boot-starter-logging\2.0.6.RELEASE\a730d62c8eb80cdc95e5089e47570d24731cf5dd\spring-boot-starter-logging-2.0.6.RELEASE.jar;C:\Users\Helena\.gradle\caches\modules-2\files-2.1\javax.annotation\javax.annotation-api\1.3.2\934c04d3cfef185a8008e7bf34331b79730a9d43\javax.annotation-api-1.3.2.jar;C:\Users\Helena\.gradle\caches\modules-2\files-2.1\org.yaml\snakeyaml\1.19\2d998d3d674b172a588e54ab619854d073f555b5\snakeyaml-1.19.jar;C:\Users\Helena\.gradle\caches\modules-2\files-2.1\org.mongodb\mongodb-driver-core\3.6.4\6e737a5d706036bed528522d445dd2ffc454bd6b\mongodb-driver-core-3.6.4.jar;C:\Users\Helena\.gradle\caches\modules-2\files-2.1\org.mongodb\bson\3.6.4\da7487f3cba7ddd1e0b0814005960cf543e9d8\bson-3.6.4.jar;C:\Users\Helena\.gradle\caches\modules-2\files-2.1\ch.qos.logback\logback-classic\1.2.3\7c4f3c474fb2c041d8028740440937705ebb473a\logback-classic-1.2.3.jar;C:\Users\Helena\.gradle\caches\modules-2\files-2.1\org.apache.logging.log4j\log4j-to-slf4j\2.10.0\f7e631ccf49cfc0aefa4a2a728da7d374c05bd3c\log4j-to-slf4j-2.10.0.jar;C:\Users\Helena\.gradle\caches\modules-2\files-2.1\org.slf4j\jul-to-slf4j\1.7.25\af5364cd6679bfffb114f0dec8a157aaa283b76\jul-to-slf4j-1.7.25.jar;C:\Users\Helena\.gradle\caches\modules-2\files-2.1\org.slf4j\slf4j-api\1.7.25\da76ca59f6a57ee3102f8f9bd9cee742973efa8a\slf4j-api-1.7.25.jar;C:\Users\Helena\.gradle\caches\modules-2\files-2.1\io.projectreactor\reactor-core\3.1.10.RELEASE\9c0cff4fcdb1c8680f324a4d7bda64790e60aa19\reactor-core-3.1.10.RELEASE.jar;C:\Users\Helena\.gradle\caches\modules-2\files-2.1\io.netty\netty-handler\4.1.29.Final\1acf1d94799296a2517533ec75ce7e155e9c4ea7\netty-handler-4.1.29.Final.jar;C:\Users\Helena\.gradle\caches\modules-2\files-2.1\io.netty\netty-codec\4.1.29.Final\1651bc2e279216773c234cafe402d68d2a5adc90\netty-codec-4.1.29.Final.jar;C:\Users\Helena\.gradle\caches\modules-2\files-2.1\io.netty\netty-transport\4.1.29.Final\c190b90f70e2ae8a48c068afad709e8728fcaa39\netty-transport-4.1.29.Final.jar;C:\Users\Helena\.gradle\caches\modules-2\files-2.1\io.netty\netty-buffer\4.1.29.Final\c3809f72e4b535b343b7dfa3c0c8210dad2fa5ea\netty-buffer-4.1.29.Final.jar;C:\Users\Helena\.gradle\caches\modules-2\files-2.1\io.netty\netty-resolver\4.1.29.Final\bbec1dc913732e4773893c14d795b15d6c1e878e\netty-resolver-4.1.29.Final.jar;C:\Users\Helena\.gradle\caches\modules-2\files-2.1\io.netty\netty-common\4.1.29.Final\a5d6a735ed07d8f197daa48db7f097cfc971ee5e\netty-common-4.1.29.Final.jar;C:\Users\Helena\.gradle\caches\modules-2\files-2.1\com.fasterxml.jackson.datatype\jackson-datatype-jdk8\2.9.7\98d8f190db07f97c64c0ea3af5792f718a6c2cc1\jackson-datatype-jdk8-2.9.7.jar;C:\Users\Helena\.gradle\caches\modules-2\files-2.1\com.fasterxml.jackson.datatype\jackson-datatype-jsr310\2.9.7\cbd919f1ce67533e07b98dd493247e8dbabc26b2\jackson-datatype-jsr310-2.9.7.jar;C:\Users\Helena\.gradle\caches\modules-2\files-2.1\com.fasterxml.jackson.module\jackson-module-parameter-names\2.9.7\f2bdd7696beffa2dbc5dc62cd24c3906a40ffcff\jackson-module-parameter-names-2.9.7.jar;C:\Users\Helena\.gradle\caches\modules-2\files-2.1\com.fasterxml.jackson.core\jackson-databind\2.9.7\e6faad47abd3179666e89068485a1b88a195ceb7\jackson-databind-2.9.7.jar;C:\Users\Helena\.gradle\caches\modules-2\files-2.1\org.apache.tomcat.embed\tomcat-embed-websocket\8.5.34\5f86906367c2540b21e6aeecc277d2ce9ec939b0\tomcat-embed-websocket-8.5.34.jar;C:\Users\Helena\.gradle\caches\modules-2\files-2.1\org.apache.tomcat.embed\tomcat-embed-core\8.5.34\a038040d68a90397f95dd1e11b979fe364a5000f\tomcat-embed-core-8.5.34.jar;C:\Users\Helena\.gradle\caches\modules-2\files-2.1\org.apache.tomcat.embed\tomcat-embed-el\8.5.34\be71a9a5bdd001db7cf97c47429eec0bdd3b7b88\tomcat-embed-el-8.5.34.jar;C:\Users\Helena\.gradle\caches\modules-2\files-2.1\javax.validation\validation-api\2.0.1.Final\cb855558e6271b1b32e716d24cb85c7f583ce09e\validation-api-2.0.1.Final.jar;C:\Users\Helena\.gradle\caches\modules-2\files-2.1\org.jboss.logging\jboss-logging\3.3.2.Final\3789d00e859632e6c6206adc0c71625559e6e3b0\jboss-logging-3.3.2.Final.jar;C:\Users\Helena\.gradle\caches\modules-2\files-2.1\com.fasterxml\classmate\1.3.4\3d5f48f10bbe4eb7bd862f10c0583be2e0053c6\classmate-1.3.4.jar;C:\Users\Helena\.gradle\caches\modules-2\files-2.1\net.minidev\json-smart\2.3\7396407491352ce4fa30de92efb158adb76b5b\json-smart-2.3.jar;C:\Users\Helena\.gradle\caches\modules-2\files-2.1\net.bytebuddy\byte-buddy\1.7.11\f02857a4e2c66ccbe7aaad6100a0a6c461bce9b3\byte-buddy-1.7.11.jar;C:\Users\Helena\.gradle\caches\modules-2\files-2.1\net.bytebuddy\byte-buddy-agent\1.7.11\b425a8933ca07edd03c6dbc8bc3b595fba9780de\byte-buddy-agent-1.7.11.jar;C:\Users\Helena\.gradle\caches\modules-2\files-2.1\org.objenesis\objenesis\2.6\639033469776fd37c08358c6b92a4761feb2af4b\objenesis-2.6.jar;C:\Users\Helena\.gradle\caches\modules-2\files-2.1\com.vaadin.external.google\android-json\0.0.20131108.vaadin1\fa26d351fe62a6a17f5cda1287c1c6110dec413f\android-json-0.0.20131108.vaadin1.jar;C:\Users\Helena\.gradle\caches\modules-2\files-2.1\org.springframework\spring-jcl\5.0.10.RELEASE\8d6a766be91ae5613f2828eb9f77739a47ceb357\spring-jcl-5.0.10.RELEASE.jar;C:\Users\Helena\.gradle\caches\modules-2\files-2.1\org.reactivestreams\reactive-streams\1.0.2\323964c36556eb0e6209f65c1cef72b53b461ab8\reactive-streams-1.0.2.jar;C:\Users\Helena\.gradle\caches\modules-2\files-2.1\com.fasterxml.jackson.core\jackson-annotations\2.9.0\7c10d545325e3a6e72e06381afe469fd40eb701\jackson-annotations-2.9.0.jar;C:\Users\Helena\.gradle\caches\modules-2\files-2.1\com.fasterxml.jackson.core\jackson-core\2.9.7\4b7f0e0dc527fab032e9800ed231080fdc3ac015\jackson-core-2.9.7.jar;C:\Users\Helena\.gradle\caches\modules-2\files-2.1\net.minidev\accessors-smart\1.2\c592b500269bfde36096641b01238a8350f8aa31\accessors-smart-1.2.jar;C:\Users\Helena\.gradle\caches\modules-2\files-2.1\ch.qos.logback\logback-core\1.2.3\864344400c3d4d92dfeb0a305dc87d953677c03c\logback-core-1.2.3.jar;C:\Users\Helena\.gradle\caches\modules-2\files-2.1\org.apache.logging.log4j\log4j-api\2.10.0\fec5797a55b786184a537abd39c3fa1449d752d6\log4j-api-2.10.0.jar;C:\Users\Helena\.gradle\caches\modules-2\files-2.1\org.ow2.asm\asm\5.0.4\da08b8cce7bbf903602a25a3a163ae252435795\asm-5.0.4.jar, user.name=Helena, java.vm.specification.version=1.8, sun.java.command=worker.org.gradle.process.internal.worker.GradleWorkerMain 'Gradle Test Executor 1', java.home=C:\Program Files\Java\jdk1.8.0_201\jre, sun.arch.data.model=64, user.language=en, java.specification.vendor=Oracle Corporation, awt.toolkit=sun.awt.windows.WToolkit, java.vm.info=mixed mode, java.version=1.8.0_201, java.ext.dirs=C:\Program Files\Java\jdk1.8.0_201\jre\lib\ext;C:\WINDOWS\Sun\Java\lib\ext, sun.boot.class.path=C:\Program Files\Java\jdk1.8.0_201\jre\lib\resources.jar;C:\Program Files\Java\jdk1.8.0_201\jre\lib\rt.jar;C:\Program Files\Java\jdk1.8.0_201\jre\lib\sunrsasign.jar;C:\Program Files\Java\jdk1.8.0_201\jre\lib\jsse.jar;C:\Program Files\Java\jdk1.8.0_201\jre\lib\jce.jar;C:\Program Files\Java\jdk1.8.0_201\jre\lib\charsets.jar;C:\Program Files\Java\jdk1.8.0_201\jre\lib\jfr.jar;C:\Program Files\Java\jdk1.8.0_201\jre\classes, java.vendor=Oracle Corporation, org.gradle.test.worker=1, file.separator=\, java.vendor.url.bug=http://bugreport.sun.com/bugreport/, sun.io.unicode.encoding=UnicodeLittle, sun.cpu.endian=little, sun.desktop=windows, sun.cpu.isalist=amd64}}, SystemEnvironmentPropertySource@254135024 {name='systemEnvironment', properties={USERDOMAIN_ROAMINGPROFILE=DESKTOP-5VH603J, PROCESSOR_LEVEL=6, POSTGIS_GDAL_ENABLED_DRIVERS=GTiff PNG JPEG GIF XYZ DTED USGSDEM AAIGrid, SESSIONNAME=Console, ALLUSERSPROFILE=C:\ProgramData, GDAL_DATA=C:\Program Files\PostgreSQL\11\gdal-data, PROCESSOR_ARCHITECTURE=AMD64, PSModulePath=C:\Program Files\WindowsPowerShell\Modules;C:\WINDOWS\system32\WindowsPowerShell\v1.0\Modules, SystemDrive=C:, =ExitCode=00000000, VS100COMNTOOLS=C:\Program Files (x86)\Microsoft Visual Studio 10.0\Common7\Tools\, POSTGIS_ENABLE_OUTDB_RASTERS=1, DIRNAME=C:\Users\Helena\codenation\java-redis\, USERNAME=Helena, AWS_SECRET_KEY=kRvBxVL0F+WhbF7/iyXeI0fHEkBeFNHWB2QIU3sb, CMD_LINE_ARGS=clean test --tests challenge.RestaurantIntegrationTest, ProgramFiles(x86)=C:\Program Files (x86), FPS_BROWSER_USER_PROFILE_STRING=Default, APP_HOME=C:\Users\Helena\codenation\java-redis\, PATHEXT=.COM;.EXE;.BAT;.CMD;.VBS;.VBE;.JS;.JSE;.WSF;.WSH;.MSC, DriverData=C:\Windows\System32\Drivers\DriverData, REGION=us-west-1, ProgramData=C:\ProgramData, ProgramW6432=C:\Program Files, HOMEPATH=\Users\Helena, PROCESSOR_IDENTIFIER=Intel64 Family 6 Model 23 Stepping 10, GenuineIntel, ProgramFiles=C:\Program Files, PUBLIC=C:\Users\Public, windir=C:\WINDOWS, AWS_ACCESS_KEY=AKIAIKNHGBKNYVZFARDQ, _SKIP=2, LOCALAPPDATA=C:\Users\Helena\AppData\Local, USERDOMAIN=DESKTOP-5VH603J, FPS_BROWSER_APP_PROFILE_STRING=Internet Explorer, LOGONSERVER=\\DESKTOP-5VH603J, JAVA_HOME=C:\Program Files\Java\jdk1.8.0_201, PROMPT=$P$G, GRADLE_HOME=C:\gradle-5.1.1, OneDrive=C:\Users\Helena\OneDrive, =C:=C:\Users\Helena\codenation\java-redis, APPDATA=C:\Users\Helena\AppData\Roaming, JAVA_EXE=C:\Program Files\Java\jdk1.8.0_201/bin/java.exe, mongodb=C:\Program Files\MongoDB\Server\4.0\bin, VBOX_MSI_INSTALL_PATH=C:\Program Files\Oracle\VirtualBox\, CommonProgramFiles=C:\Program Files\Common Files, Path=C:\Program Files (x86)\Common Files\Oracle\Java\javapath;C:\WINDOWS\system32;C:\WINDOWS;C:\WINDOWS\System32\Wbem;C:\WINDOWS\System32\WindowsPowerShell\v1.0\;C:\Program Files\PuTTY\;C:\Program Files\Git\cmd;C:\Program Files\Java\jdk1.8.0_201\bin;C:\gradle-5.1.1\bin;C:\WINDOWS\System32\OpenSSH\;C:\Program Files\MongoDB\Server\4.0\bin;C:\HashiCorp\Vagrant\bin;C:\Users\Helena\AppData\Local\Microsoft\WindowsApps;, OS=Windows_NT, COMPUTERNAME=DESKTOP-5VH603J, PROCESSOR_REVISION=170a, CLASSPATH=C:\Users\Helena\codenation\java-redis\\gradle\wrapper\gradle-wrapper.jar, CommonProgramW6432=C:\Program Files\Common Files, ComSpec=C:\WINDOWS\system32\cmd.exe, APP_BASE_NAME=gradlew, SystemRoot=C:\WINDOWS, TEMP=C:\Users\Helena\AppData\Local\Temp, HOMEDRIVE=C:, USERPROFILE=C:\Users\Helena, TMP=C:\Users\Helena\AppData\Local\Temp, CommonProgramFiles(x86)=C:\Program Files (x86)\Common Files, NUMBER_OF_PROCESSORS=2}}]
23:46:55.600 [Test worker] DEBUG org.springframework.core.io.support.PathMatchingResourcePatternResolver - Resolved classpath location [challenge/] to resources [URL [file:/C:/Users/Helena/codenation/java-redis/build/classes/java/test/challenge/], URL [file:/C:/Users/Helena/codenation/java-redis/build/classes/java/main/challenge/]]
23:46:55.601 [Test worker] DEBUG org.springframework.core.io.support.PathMatchingResourcePatternResolver - Looking for matching resources in directory tree [C:\Users\Helena\codenation\java-redis\build\classes\java\test\challenge]
23:46:55.601 [Test worker] DEBUG org.springframework.core.io.support.PathMatchingResourcePatternResolver - Searching directory [C:\Users\Helena\codenation\java-redis\build\classes\java\test\challenge] for files matching pattern [C:/Users/Helena/codenation/java-redis/build/classes/java/test/challenge/*.class]
23:46:55.612 [Test worker] DEBUG org.springframework.core.io.support.PathMatchingResourcePatternResolver - Looking for matching resources in directory tree [C:\Users\Helena\codenation\java-redis\build\classes\java\main\challenge]
23:46:55.613 [Test worker] DEBUG org.springframework.core.io.support.PathMatchingResourcePatternResolver - Searching directory [C:\Users\Helena\codenation\java-redis\build\classes\java\main\challenge] for files matching pattern [C:/Users/Helena/codenation/java-redis/build/classes/java/main/challenge/*.class]
23:46:55.619 [Test worker] DEBUG org.springframework.core.io.support.PathMatchingResourcePatternResolver - Resolved location pattern [classpath*:challenge/*.class] to resources [file [C:\Users\Helena\codenation\java-redis\build\classes\java\test\challenge\NeighborhoodMongoTest.class], file [C:\Users\Helena\codenation\java-redis\build\classes\java\test\challenge\NeighborhoodRedisTest.class], file [C:\Users\Helena\codenation\java-redis\build\classes\java\test\challenge\RestaurantIntegrationTest.class], file [C:\Users\Helena\codenation\java-redis\build\classes\java\test\challenge\RestaurantMongoTest.class], file [C:\Users\Helena\codenation\java-redis\build\classes\java\test\challenge\RestaurantRedisTest.class], file [C:\Users\Helena\codenation\java-redis\build\classes\java\main\challenge\Application.class], file [C:\Users\Helena\codenation\java-redis\build\classes\java\main\challenge\NeighborhoodMongo.class], file [C:\Users\Helena\codenation\java-redis\build\classes\java\main\challenge\NeighborhoodRedis.class], file [C:\Users\Helena\codenation\java-redis\build\classes\java\main\challenge\RestaurantController.class], file [C:\Users\Helena\codenation\java-redis\build\classes\java\main\challenge\RestaurantMongo.class], file [C:\Users\Helena\codenation\java-redis\build\classes\java\main\challenge\RestaurantRedis.class], file [C:\Users\Helena\codenation\java-redis\build\classes\java\main\challenge\RestaurantService.class], file [C:\Users\Helena\codenation\java-redis\build\classes\java\main\challenge\RestaurantServiceImpl.class]]
23:46:55.805 [Test worker] DEBUG org.springframework.context.annotation.ClassPathScanningCandidateComponentProvider - Identified candidate component class: file [C:\Users\Helena\codenation\java-redis\build\classes\java\main\challenge\Application.class]
23:46:55.895 [Test worker] INFO org.springframework.boot.test.context.SpringBootTestContextBootstrapper - Found @SpringBootConfiguration challenge.Application for test class challenge.RestaurantIntegrationTest
23:46:56.295 [Test worker] DEBUG org.springframework.boot.test.context.SpringBootTestContextBootstrapper - @TestExecutionListeners is not present for class [challenge.RestaurantIntegrationTest]: using defaults.
23:46:56.296 [Test worker] INFO org.springframework.boot.test.context.SpringBootTestContextBootstrapper - Loaded default TestExecutionListener class names from location [META-INF/spring.factories]: [org.springframework.boot.test.autoconfigure.restdocs.RestDocsTestExecutionListener, org.springframework.boot.test.autoconfigure.web.client.MockRestServiceServerResetTestExecutionListener, org.springframework.boot.test.autoconfigure.web.servlet.MockMvcPrintOnlyOnFailureTestExecutionListener, org.springframework.boot.test.autoconfigure.web.servlet.WebDriverTestExecutionListener, org.springframework.boot.test.mock.mockito.MockitoTestExecutionListener, org.springframework.boot.test.mock.mockito.ResetMocksTestExecutionListener, org.springframework.test.context.web.ServletTestExecutionListener, org.springframework.test.context.support.DirtiesContextBeforeModesTestExecutionListener, org.springframework.test.context.support.DependencyInjectionTestExecutionListener, org.springframework.test.context.support.DirtiesContextTestExecutionListener, org.springframework.test.context.transaction.TransactionalTestExecutionListener, org.springframework.test.context.jdbc.SqlScriptsTestExecutionListener]
23:46:56.530 [Test worker] INFO org.springframework.boot.test.context.SpringBootTestContextBootstrapper - Using TestExecutionListeners: [org.springframework.test.context.web.ServletTestExecutionListener@3f0fc5f8, org.springframework.test.context.support.DirtiesContextBeforeModesTestExecutionListener@311f00fd, org.springframework.boot.test.mock.mockito.MockitoTestExecutionListener@3ec6c3a9, org.springframework.boot.test.autoconfigure.SpringBootDependencyInjectionTestExecutionListener@4804c233, org.springframework.test.context.support.DirtiesContextTestExecutionListener@965fece, org.springframework.test.context.transaction.TransactionalTestExecutionListener@40341ff7, org.springframework.test.context.jdbc.SqlScriptsTestExecutionListener@48e757d3, org.springframework.boot.test.autoconfigure.restdocs.RestDocsTestExecutionListener@261c01a6, org.springframework.boot.test.autoconfigure.web.client.MockRestServiceServerResetTestExecutionListener@291825, org.springframework.boot.test.autoconfigure.web.servlet.MockMvcPrintOnlyOnFailureTestExecutionListener@60826470, org.springframework.boot.test.autoconfigure.web.servlet.WebDriverTestExecutionListener@1229ee7c, org.springframework.boot.test.mock.mockito.ResetMocksTestExecutionListener@54feccae]
23:46:56.557 [Test worker] DEBUG org.springframework.test.annotation.ProfileValueUtils - Retrieved @ProfileValueSourceConfiguration [null] for test class [challenge.RestaurantIntegrationTest]
23:46:56.560 [Test worker] DEBUG org.springframework.test.annotation.ProfileValueUtils - Retrieved ProfileValueSource type [class org.springframework.test.annotation.SystemProfileValueSource] for class [challenge.RestaurantIntegrationTest]
23:46:56.568 [Test worker] DEBUG org.springframework.test.annotation.ProfileValueUtils - Retrieved @ProfileValueSourceConfiguration [null] for test class [challenge.RestaurantIntegrationTest]
23:46:56.569 [Test worker] DEBUG org.springframework.test.annotation.ProfileValueUtils - Retrieved ProfileValueSource type [class org.springframework.test.annotation.SystemProfileValueSource] for class [challenge.RestaurantIntegrationTest]
23:46:56.617 [Test worker] DEBUG org.springframework.test.annotation.ProfileValueUtils - Retrieved @ProfileValueSourceConfiguration [null] for test class [challenge.RestaurantIntegrationTest]
23:46:56.619 [Test worker] DEBUG org.springframework.test.annotation.ProfileValueUtils - Retrieved ProfileValueSource type [class org.springframework.test.annotation.SystemProfileValueSource] for class [challenge.RestaurantIntegrationTest]
23:46:56.649 [Test worker] DEBUG org.springframework.test.context.support.AbstractDirtiesContextTestExecutionListener - Before test class: context [DefaultTestContext@ead707a testClass = RestaurantIntegrationTest, testInstance = [null], testMethod = [null], testException = [null], mergedContextConfiguration = [WebMergedContextConfiguration@78813498 testClass = RestaurantIntegrationTest, locations = '{}', classes = '{class challenge.Application}', contextInitializerClasses = '[]', activeProfiles = '{}', propertySourceLocations = '{classpath:test.properties}', propertySourceProperties = '{org.springframework.boot.test.context.SpringBootTestContextBootstrapper=true, server.port=0}', contextCustomizers = set[org.springframework.boot.test.autoconfigure.properties.PropertyMappingContextCustomizer@0, org.springframework.boot.test.autoconfigure.web.servlet.WebDriverContextCustomizerFactory$Customizer@5c34d77a, org.springframework.boot.test.context.filter.ExcludeFilterContextCustomizer@65f15cf2, org.springframework.boot.test.json.DuplicateJsonObjectContextCustomizerFactory$DuplicateJsonObjectContextCustomizer@a1be8b0, org.springframework.boot.test.mock.mockito.MockitoContextCustomizer@0, org.springframework.boot.test.web.client.TestRestTemplateContextCustomizer@2bc42749], resourceBasePath = 'src/main/webapp', contextLoader = 'org.springframework.boot.test.context.SpringBootContextLoader', parent = [null]], attributes = map['org.springframework.test.context.web.ServletTestExecutionListener.activateListener' -> false]], class annotated with @DirtiesContext [false] with mode [null].
23:46:56.652 [Test worker] DEBUG org.springframework.test.annotation.ProfileValueUtils - Retrieved @ProfileValueSourceConfiguration [null] for test class [challenge.RestaurantIntegrationTest]
23:46:56.652 [Test worker] DEBUG org.springframework.test.annotation.ProfileValueUtils - Retrieved ProfileValueSource type [class org.springframework.test.annotation.SystemProfileValueSource] for class [challenge.RestaurantIntegrationTest]
23:47:16.657 [Test worker] DEBUG org.springframework.test.context.support.DependencyInjectionTestExecutionListener - Performing dependency injection for test context [[DefaultTestContext@ead707a testClass = RestaurantIntegrationTest, testInstance = challenge.RestaurantIntegrationTest@4f44b1d, testMethod = [null], testException = [null], mergedContextConfiguration = [WebMergedContextConfiguration@78813498 testClass = RestaurantIntegrationTest, locations = '{}', classes = '{class challenge.Application}', contextInitializerClasses = '[]', activeProfiles = '{}', propertySourceLocations = '{classpath:test.properties}', propertySourceProperties = '{org.springframework.boot.test.context.SpringBootTestContextBootstrapper=true, server.port=0}', contextCustomizers = set[org.springframework.boot.test.autoconfigure.properties.PropertyMappingContextCustomizer@0, org.springframework.boot.test.autoconfigure.web.servlet.WebDriverContextCustomizerFactory$Customizer@5c34d77a, org.springframework.boot.test.context.filter.ExcludeFilterContextCustomizer@65f15cf2, org.springframework.boot.test.json.DuplicateJsonObjectContextCustomizerFactory$DuplicateJsonObjectContextCustomizer@a1be8b0, org.springframework.boot.test.mock.mockito.MockitoContextCustomizer@0, org.springframework.boot.test.web.client.TestRestTemplateContextCustomizer@2bc42749], resourceBasePath = 'src/main/webapp', contextLoader = 'org.springframework.boot.test.context.SpringBootContextLoader', parent = [null]], attributes = map['org.springframework.test.context.web.ServletTestExecutionListener.activateListener' -> false]]].
23:47:16.702 [Test worker] DEBUG org.springframework.core.env.StandardEnvironment - Adding PropertySource 'systemProperties' with lowest search precedence
23:47:16.703 [Test worker] DEBUG org.springframework.core.env.StandardEnvironment - Adding PropertySource 'systemEnvironment' with lowest search precedence
23:47:16.705 [Test worker] DEBUG org.springframework.core.env.StandardEnvironment - Initialized StandardEnvironment with PropertySources [MapPropertySource@1774794622 {name='systemProperties', properties={java.runtime.name=Java(TM) SE Runtime Environment, sun.boot.library.path=C:\Program Files\Java\jdk1.8.0_201\jre\bin, java.vm.version=25.201-b09, java.vm.vendor=Oracle Corporation, java.vendor.url=http://java.oracle.com/, path.separator=;, java.vm.name=Java HotSpot(TM) 64-Bit Server VM, file.encoding.pkg=sun.io, user.script=, sun.java.launcher=SUN_STANDARD, user.country=US, sun.os.patch.level=, java.vm.specification.name=Java Virtual Machine Specification, user.dir=C:\Users\Helena\codenation\java-redis, java.runtime.version=1.8.0_201-b09, java.awt.graphicsenv=sun.awt.Win32GraphicsEnvironment, java.endorsed.dirs=C:\Program Files\Java\jdk1.8.0_201\jre\lib\endorsed, os.arch=amd64, java.io.tmpdir=C:\Users\Helena\AppData\Local\Temp\, line.separator=
, java.vm.specification.vendor=Oracle Corporation, user.variant=, os.name=Windows 10, sun.jnu.encoding=Cp1252, java.library.path=C:\Program Files\Java\jdk1.8.0_201\bin;C:\WINDOWS\Sun\Java\bin;C:\WINDOWS\system32;C:\WINDOWS;C:\Program Files (x86)\Common Files\Oracle\Java\javapath;C:\WINDOWS\system32;C:\WINDOWS;C:\WINDOWS\System32\Wbem;C:\WINDOWS\System32\WindowsPowerShell\v1.0\;C:\Program Files\PuTTY\;C:\Program Files\Git\cmd;C:\Program Files\Java\jdk1.8.0_201\bin;C:\gradle-5.1.1\bin;C:\WINDOWS\System32\OpenSSH\;C:\Program Files\MongoDB\Server\4.0\bin;C:\HashiCorp\Vagrant\bin;C:\Users\Helena\AppData\Local\Microsoft\WindowsApps;;., java.specification.name=Java Platform API Specification, java.class.version=52.0, org.gradle.native=false, sun.management.compiler=HotSpot 64-Bit Tiered Compilers, os.version=10.0, user.home=C:\Users\Helena, user.timezone=America/Sao_Paulo, java.awt.printerjob=sun.awt.windows.WPrinterJob, file.encoding=windows-1252, java.specification.version=1.8, java.class.path=C:\Users\Helena\codenation\java-redis\build\classes\java\test;C:\Users\Helena\codenation\java-redis\build\resources\test;C:\Users\Helena\codenation\java-redis\build\classes\java\main;C:\Users\Helena\codenation\java-redis\build\resources\main;C:\Users\Helena\.gradle\caches\modules-2\files-2.1\org.springframework.boot\spring-boot-starter-data-mongodb\2.0.6.RELEASE\8fc521182921da00cfc6e6aa7bed99993c89194b\spring-boot-starter-data-mongodb-2.0.6.RELEASE.jar;C:\Users\Helena\.gradle\caches\modules-2\files-2.1\org.springframework.boot\spring-boot-starter-data-redis\2.0.6.RELEASE\3a9617eddbeb6829a1878c561619dd1c674b18fc\spring-boot-starter-data-redis-2.0.6.RELEASE.jar;C:\Users\Helena\.gradle\caches\modules-2\files-2.1\org.springframework.boot\spring-boot-starter-web\2.0.6.RELEASE\e803fc341b450b2ce01734df12e5881b8e78c0a7\spring-boot-starter-web-2.0.6.RELEASE.jar;C:\Users\Helena\.gradle\caches\modules-2\files-2.1\org.springframework.boot\spring-boot-starter-test\2.0.6.RELEASE\f92fd015cfc9a9bd6ae653dca8d4ec5b83d4ba00\spring-boot-starter-test-2.0.6.RELEASE.jar;C:\Users\Helena\.gradle\caches\modules-2\files-2.1\org.springframework.boot\spring-boot-starter-json\2.0.6.RELEASE\1b3912af3eecdbbc6cda497acc7939f2ce21e39d\spring-boot-starter-json-2.0.6.RELEASE.jar;C:\Users\Helena\.gradle\caches\modules-2\files-2.1\org.springframework.boot\spring-boot-starter\2.0.6.RELEASE\9d904a4387e076343a3478c32198ec7d9d633ff4\spring-boot-starter-2.0.6.RELEASE.jar;C:\Users\Helena\.gradle\caches\modules-2\files-2.1\org.mongodb\mongodb-driver\3.6.4\4ddaa4520e9b3a9255ae138f782d73432be6787d\mongodb-driver-3.6.4.jar;C:\Users\Helena\.gradle\caches\modules-2\files-2.1\org.springframework.data\spring-data-mongodb\2.0.11.RELEASE\8824f5c555f21c2b80e1c277ec2c899ecf6cc31f\spring-data-mongodb-2.0.11.RELEASE.jar;C:\Users\Helena\.gradle\caches\modules-2\files-2.1\org.springframework.data\spring-data-redis\2.0.11.RELEASE\8125839e776abd60181dc782892985b3e293aac7\spring-data-redis-2.0.11.RELEASE.jar;C:\Users\Helena\.gradle\caches\modules-2\files-2.1\io.lettuce\lettuce-core\5.0.5.RELEASE\d6263965c5dfa8c440940842e2bbfece0044b7f6\lettuce-core-5.0.5.RELEASE.jar;C:\Users\Helena\.gradle\caches\modules-2\files-2.1\org.springframework.boot\spring-boot-starter-tomcat\2.0.6.RELEASE\64b22bc3d0ba734532e7cbe941354985f2a86242\spring-boot-starter-tomcat-2.0.6.RELEASE.jar;C:\Users\Helena\.gradle\caches\modules-2\files-2.1\org.hibernate.validator\hibernate-validator\6.0.13.Final\af4232bf90ecd33c71147d67185dbb1cfe8f33df\hibernate-validator-6.0.13.Final.jar;C:\Users\Helena\.gradle\caches\modules-2\files-2.1\org.springframework\spring-webmvc\5.0.10.RELEASE\88a601321e2b4e3b84eed0909c24b9dd8e453b5f\spring-webmvc-5.0.10.RELEASE.jar;C:\Users\Helena\.gradle\caches\modules-2\files-2.1\org.springframework\spring-web\5.0.10.RELEASE\fbaaa53ec99f45fd7aaf9125beeb5c3388cce088\spring-web-5.0.10.RELEASE.jar;C:\Users\Helena\.gradle\caches\modules-2\files-2.1\org.springframework.boot\spring-boot-test-autoconfigure\2.0.6.RELEASE\b0eb15474e795850dfa59b01ee6a83d7a39e3645\spring-boot-test-autoconfigure-2.0.6.RELEASE.jar;C:\Users\Helena\.gradle\caches\modules-2\files-2.1\org.springframework.boot\spring-boot-test\2.0.6.RELEASE\33a53ca6d55f35b3a89320c260262a5310ba8afc\spring-boot-test-2.0.6.RELEASE.jar;C:\Users\Helena\.gradle\caches\modules-2\files-2.1\com.jayway.jsonpath\json-path\2.4.0\765a4401ceb2dc8d40553c2075eb80a8fa35c2ae\json-path-2.4.0.jar;C:\Users\Helena\.gradle\caches\modules-2\files-2.1\junit\junit\4.12\2973d150c0dc1fefe998f834810d68f278ea58ec\junit-4.12.jar;C:\Users\Helena\.gradle\caches\modules-2\files-2.1\org.assertj\assertj-core\3.9.1\c5ce126b15f28d56cd8f960c1a6a058b9c9aea87\assertj-core-3.9.1.jar;C:\Users\Helena\.gradle\caches\modules-2\files-2.1\org.mockito\mockito-core\2.15.0\b84bfbbc29cd22c9529409627af6ea2897f4fa85\mockito-core-2.15.0.jar;C:\Users\Helena\.gradle\caches\modules-2\files-2.1\org.hamcrest\hamcrest-library\1.3\4785a3c21320980282f9f33d0d1264a69040538f\hamcrest-library-1.3.jar;C:\Users\Helena\.gradle\caches\modules-2\files-2.1\org.hamcrest\hamcrest-core\1.3\42a25dc3219429f0e5d060061f71acb49bf010a0\hamcrest-core-1.3.jar;C:\Users\Helena\.gradle\caches\modules-2\files-2.1\org.skyscreamer\jsonassert\1.5.0\6c9d5fe2f59da598d9aefc1cfc6528ff3cf32df3\jsonassert-1.5.0.jar;C:\Users\Helena\.gradle\caches\modules-2\files-2.1\org.springframework\spring-test\5.0.10.RELEASE\1d2d272073f36c689c693ec3ec94d7ad7e136a2e\spring-test-5.0.10.RELEASE.jar;C:\Users\Helena\.gradle\caches\modules-2\files-2.1\org.springframework.boot\spring-boot-autoconfigure\2.0.6.RELEASE\e8c88fd703dbdf79f94178a5018ad67d1ecb1d0d\spring-boot-autoconfigure-2.0.6.RELEASE.jar;C:\Users\Helena\.gradle\caches\modules-2\files-2.1\org.springframework.boot\spring-boot\2.0.6.RELEASE\4d214b08bbc74f03d404e8fc862102334e0f73d1\spring-boot-2.0.6.RELEASE.jar;C:\Users\Helena\.gradle\caches\modules-2\files-2.1\org.springframework.data\spring-data-keyvalue\2.0.11.RELEASE\8b8184255b4cb2fcca8aeae956e9bd61668310a4\spring-data-keyvalue-2.0.11.RELEASE.jar;C:\Users\Helena\.gradle\caches\modules-2\files-2.1\org.springframework\spring-tx\5.0.10.RELEASE\55608ae84fde15eb942d675e3b1ee7d30394d4cb\spring-tx-5.0.10.RELEASE.jar;C:\Users\Helena\.gradle\caches\modules-2\files-2.1\org.springframework\spring-context-support\5.0.10.RELEASE\61b3159aceaae05118bfe2a7fcd4141921986a78\spring-context-support-5.0.10.RELEASE.jar;C:\Users\Helena\.gradle\caches\modules-2\files-2.1\org.springframework\spring-context\5.0.10.RELEASE\6f53de0618219fefc2aebf92ba175e6b33e14ce0\spring-context-5.0.10.RELEASE.jar;C:\Users\Helena\.gradle\caches\modules-2\files-2.1\org.springframework\spring-oxm\5.0.10.RELEASE\f6d583cbf03e625b65647ca1fc7929d5fbfe42da\spring-oxm-5.0.10.RELEASE.jar;C:\Users\Helena\.gradle\caches\modules-2\files-2.1\org.springframework\spring-aop\5.0.10.RELEASE\da65874f61aef9c25db794f493e50683346d3056\spring-aop-5.0.10.RELEASE.jar;C:\Users\Helena\.gradle\caches\modules-2\files-2.1\org.springframework.data\spring-data-commons\2.0.11.RELEASE\273e5cd5d6e772b5c4208b12771ed48647b2b9bb\spring-data-commons-2.0.11.RELEASE.jar;C:\Users\Helena\.gradle\caches\modules-2\files-2.1\org.springframework\spring-beans\5.0.10.RELEASE\8ec7da928082a123c50d5d70cd4b46382db27e8b\spring-beans-5.0.10.RELEASE.jar;C:\Users\Helena\.gradle\caches\modules-2\files-2.1\org.springframework\spring-expression\5.0.10.RELEASE\eaf8595e3bf18ef1aca1c233d9871552d258e38a\spring-expression-5.0.10.RELEASE.jar;C:\Users\Helena\.gradle\caches\modules-2\files-2.1\org.springframework\spring-core\5.0.10.RELEASE\cb270a60ceb573961588f511222984de64b4bc96\spring-core-5.0.10.RELEASE.jar;C:\Users\Helena\.gradle\caches\modules-2\files-2.1\org.xmlunit\xmlunit-core\2.5.1\4ffdb346572a7356f7521cd3119ce5287d2e339d\xmlunit-core-2.5.1.jar;C:\Users\Helena\.gradle\caches\modules-2\files-2.1\org.springframework.boot\spring-boot-starter-logging\2.0.6.RELEASE\a730d62c8eb80cdc95e5089e47570d24731cf5dd\spring-boot-starter-logging-2.0.6.RELEASE.jar;C:\Users\Helena\.gradle\caches\modules-2\files-2.1\javax.annotation\javax.annotation-api\1.3.2\934c04d3cfef185a8008e7bf34331b79730a9d43\javax.annotation-api-1.3.2.jar;C:\Users\Helena\.gradle\caches\modules-2\files-2.1\org.yaml\snakeyaml\1.19\2d998d3d674b172a588e54ab619854d073f555b5\snakeyaml-1.19.jar;C:\Users\Helena\.gradle\caches\modules-2\files-2.1\org.mongodb\mongodb-driver-core\3.6.4\6e737a5d706036bed528522d445dd2ffc454bd6b\mongodb-driver-core-3.6.4.jar;C:\Users\Helena\.gradle\caches\modules-2\files-2.1\org.mongodb\bson\3.6.4\da7487f3cba7ddd1e0b0814005960cf543e9d8\bson-3.6.4.jar;C:\Users\Helena\.gradle\caches\modules-2\files-2.1\ch.qos.logback\logback-classic\1.2.3\7c4f3c474fb2c041d8028740440937705ebb473a\logback-classic-1.2.3.jar;C:\Users\Helena\.gradle\caches\modules-2\files-2.1\org.apache.logging.log4j\log4j-to-slf4j\2.10.0\f7e631ccf49cfc0aefa4a2a728da7d374c05bd3c\log4j-to-slf4j-2.10.0.jar;C:\Users\Helena\.gradle\caches\modules-2\files-2.1\org.slf4j\jul-to-slf4j\1.7.25\af5364cd6679bfffb114f0dec8a157aaa283b76\jul-to-slf4j-1.7.25.jar;C:\Users\Helena\.gradle\caches\modules-2\files-2.1\org.slf4j\slf4j-api\1.7.25\da76ca59f6a57ee3102f8f9bd9cee742973efa8a\slf4j-api-1.7.25.jar;C:\Users\Helena\.gradle\caches\modules-2\files-2.1\io.projectreactor\reactor-core\3.1.10.RELEASE\9c0cff4fcdb1c8680f324a4d7bda64790e60aa19\reactor-core-3.1.10.RELEASE.jar;C:\Users\Helena\.gradle\caches\modules-2\files-2.1\io.netty\netty-handler\4.1.29.Final\1acf1d94799296a2517533ec75ce7e155e9c4ea7\netty-handler-4.1.29.Final.jar;C:\Users\Helena\.gradle\caches\modules-2\files-2.1\io.netty\netty-codec\4.1.29.Final\1651bc2e279216773c234cafe402d68d2a5adc90\netty-codec-4.1.29.Final.jar;C:\Users\Helena\.gradle\caches\modules-2\files-2.1\io.netty\netty-transport\4.1.29.Final\c190b90f70e2ae8a48c068afad709e8728fcaa39\netty-transport-4.1.29.Final.jar;C:\Users\Helena\.gradle\caches\modules-2\files-2.1\io.netty\netty-buffer\4.1.29.Final\c3809f72e4b535b343b7dfa3c0c8210dad2fa5ea\netty-buffer-4.1.29.Final.jar;C:\Users\Helena\.gradle\caches\modules-2\files-2.1\io.netty\netty-resolver\4.1.29.Final\bbec1dc913732e4773893c14d795b15d6c1e878e\netty-resolver-4.1.29.Final.jar;C:\Users\Helena\.gradle\caches\modules-2\files-2.1\io.netty\netty-common\4.1.29.Final\a5d6a735ed07d8f197daa48db7f097cfc971ee5e\netty-common-4.1.29.Final.jar;C:\Users\Helena\.gradle\caches\modules-2\files-2.1\com.fasterxml.jackson.datatype\jackson-datatype-jdk8\2.9.7\98d8f190db07f97c64c0ea3af5792f718a6c2cc1\jackson-datatype-jdk8-2.9.7.jar;C:\Users\Helena\.gradle\caches\modules-2\files-2.1\com.fasterxml.jackson.datatype\jackson-datatype-jsr310\2.9.7\cbd919f1ce67533e07b98dd493247e8dbabc26b2\jackson-datatype-jsr310-2.9.7.jar;C:\Users\Helena\.gradle\caches\modules-2\files-2.1\com.fasterxml.jackson.module\jackson-module-parameter-names\2.9.7\f2bdd7696beffa2dbc5dc62cd24c3906a40ffcff\jackson-module-parameter-names-2.9.7.jar;C:\Users\Helena\.gradle\caches\modules-2\files-2.1\com.fasterxml.jackson.core\jackson-databind\2.9.7\e6faad47abd3179666e89068485a1b88a195ceb7\jackson-databind-2.9.7.jar;C:\Users\Helena\.gradle\caches\modules-2\files-2.1\org.apache.tomcat.embed\tomcat-embed-websocket\8.5.34\5f86906367c2540b21e6aeecc277d2ce9ec939b0\tomcat-embed-websocket-8.5.34.jar;C:\Users\Helena\.gradle\caches\modules-2\files-2.1\org.apache.tomcat.embed\tomcat-embed-core\8.5.34\a038040d68a90397f95dd1e11b979fe364a5000f\tomcat-embed-core-8.5.34.jar;C:\Users\Helena\.gradle\caches\modules-2\files-2.1\org.apache.tomcat.embed\tomcat-embed-el\8.5.34\be71a9a5bdd001db7cf97c47429eec0bdd3b7b88\tomcat-embed-el-8.5.34.jar;C:\Users\Helena\.gradle\caches\modules-2\files-2.1\javax.validation\validation-api\2.0.1.Final\cb855558e6271b1b32e716d24cb85c7f583ce09e\validation-api-2.0.1.Final.jar;C:\Users\Helena\.gradle\caches\modules-2\files-2.1\org.jboss.logging\jboss-logging\3.3.2.Final\3789d00e859632e6c6206adc0c71625559e6e3b0\jboss-logging-3.3.2.Final.jar;C:\Users\Helena\.gradle\caches\modules-2\files-2.1\com.fasterxml\classmate\1.3.4\3d5f48f10bbe4eb7bd862f10c0583be2e0053c6\classmate-1.3.4.jar;C:\Users\Helena\.gradle\caches\modules-2\files-2.1\net.minidev\json-smart\2.3\7396407491352ce4fa30de92efb158adb76b5b\json-smart-2.3.jar;C:\Users\Helena\.gradle\caches\modules-2\files-2.1\net.bytebuddy\byte-buddy\1.7.11\f02857a4e2c66ccbe7aaad6100a0a6c461bce9b3\byte-buddy-1.7.11.jar;C:\Users\Helena\.gradle\caches\modules-2\files-2.1\net.bytebuddy\byte-buddy-agent\1.7.11\b425a8933ca07edd03c6dbc8bc3b595fba9780de\byte-buddy-agent-1.7.11.jar;C:\Users\Helena\.gradle\caches\modules-2\files-2.1\org.objenesis\objenesis\2.6\639033469776fd37c08358c6b92a4761feb2af4b\objenesis-2.6.jar;C:\Users\Helena\.gradle\caches\modules-2\files-2.1\com.vaadin.external.google\android-json\0.0.20131108.vaadin1\fa26d351fe62a6a17f5cda1287c1c6110dec413f\android-json-0.0.20131108.vaadin1.jar;C:\Users\Helena\.gradle\caches\modules-2\files-2.1\org.springframework\spring-jcl\5.0.10.RELEASE\8d6a766be91ae5613f2828eb9f77739a47ceb357\spring-jcl-5.0.10.RELEASE.jar;C:\Users\Helena\.gradle\caches\modules-2\files-2.1\org.reactivestreams\reactive-streams\1.0.2\323964c36556eb0e6209f65c1cef72b53b461ab8\reactive-streams-1.0.2.jar;C:\Users\Helena\.gradle\caches\modules-2\files-2.1\com.fasterxml.jackson.core\jackson-annotations\2.9.0\7c10d545325e3a6e72e06381afe469fd40eb701\jackson-annotations-2.9.0.jar;C:\Users\Helena\.gradle\caches\modules-2\files-2.1\com.fasterxml.jackson.core\jackson-core\2.9.7\4b7f0e0dc527fab032e9800ed231080fdc3ac015\jackson-core-2.9.7.jar;C:\Users\Helena\.gradle\caches\modules-2\files-2.1\net.minidev\accessors-smart\1.2\c592b500269bfde36096641b01238a8350f8aa31\accessors-smart-1.2.jar;C:\Users\Helena\.gradle\caches\modules-2\files-2.1\ch.qos.logback\logback-core\1.2.3\864344400c3d4d92dfeb0a305dc87d953677c03c\logback-core-1.2.3.jar;C:\Users\Helena\.gradle\caches\modules-2\files-2.1\org.apache.logging.log4j\log4j-api\2.10.0\fec5797a55b786184a537abd39c3fa1449d752d6\log4j-api-2.10.0.jar;C:\Users\Helena\.gradle\caches\modules-2\files-2.1\org.ow2.asm\asm\5.0.4\da08b8cce7bbf903602a25a3a163ae252435795\asm-5.0.4.jar, user.name=Helena, java.vm.specification.version=1.8, sun.java.command=worker.org.gradle.process.internal.worker.GradleWorkerMain 'Gradle Test Executor 1', java.home=C:\Program Files\Java\jdk1.8.0_201\jre, sun.arch.data.model=64, user.language=en, java.specification.vendor=Oracle Corporation, awt.toolkit=sun.awt.windows.WToolkit, java.vm.info=mixed mode, java.version=1.8.0_201, java.ext.dirs=C:\Program Files\Java\jdk1.8.0_201\jre\lib\ext;C:\WINDOWS\Sun\Java\lib\ext, sun.boot.class.path=C:\Program Files\Java\jdk1.8.0_201\jre\lib\resources.jar;C:\Program Files\Java\jdk1.8.0_201\jre\lib\rt.jar;C:\Program Files\Java\jdk1.8.0_201\jre\lib\sunrsasign.jar;C:\Program Files\Java\jdk1.8.0_201\jre\lib\jsse.jar;C:\Program Files\Java\jdk1.8.0_201\jre\lib\jce.jar;C:\Program Files\Java\jdk1.8.0_201\jre\lib\charsets.jar;C:\Program Files\Java\jdk1.8.0_201\jre\lib\jfr.jar;C:\Program Files\Java\jdk1.8.0_201\jre\classes, java.vendor=Oracle Corporation, org.gradle.test.worker=1, file.separator=\, java.vendor.url.bug=http://bugreport.sun.com/bugreport/, sun.io.unicode.encoding=UnicodeLittle, sun.cpu.endian=little, sun.desktop=windows, sun.cpu.isalist=amd64}}, SystemEnvironmentPropertySource@1137703285 {name='systemEnvironment', properties={USERDOMAIN_ROAMINGPROFILE=DESKTOP-5VH603J, PROCESSOR_LEVEL=6, POSTGIS_GDAL_ENABLED_DRIVERS=GTiff PNG JPEG GIF XYZ DTED USGSDEM AAIGrid, SESSIONNAME=Console, ALLUSERSPROFILE=C:\ProgramData, GDAL_DATA=C:\Program Files\PostgreSQL\11\gdal-data, PROCESSOR_ARCHITECTURE=AMD64, PSModulePath=C:\Program Files\WindowsPowerShell\Modules;C:\WINDOWS\system32\WindowsPowerShell\v1.0\Modules, SystemDrive=C:, =ExitCode=00000000, VS100COMNTOOLS=C:\Program Files (x86)\Microsoft Visual Studio 10.0\Common7\Tools\, POSTGIS_ENABLE_OUTDB_RASTERS=1, DIRNAME=C:\Users\Helena\codenation\java-redis\, USERNAME=Helena, AWS_SECRET_KEY=kRvBxVL0F+WhbF7/iyXeI0fHEkBeFNHWB2QIU3sb, CMD_LINE_ARGS=clean test --tests challenge.RestaurantIntegrationTest, ProgramFiles(x86)=C:\Program Files (x86), FPS_BROWSER_USER_PROFILE_STRING=Default, APP_HOME=C:\Users\Helena\codenation\java-redis\, PATHEXT=.COM;.EXE;.BAT;.CMD;.VBS;.VBE;.JS;.JSE;.WSF;.WSH;.MSC, DriverData=C:\Windows\System32\Drivers\DriverData, REGION=us-west-1, ProgramData=C:\ProgramData, ProgramW6432=C:\Program Files, HOMEPATH=\Users\Helena, PROCESSOR_IDENTIFIER=Intel64 Family 6 Model 23 Stepping 10, GenuineIntel, ProgramFiles=C:\Program Files, PUBLIC=C:\Users\Public, windir=C:\WINDOWS, AWS_ACCESS_KEY=AKIAIKNHGBKNYVZFARDQ, _SKIP=2, LOCALAPPDATA=C:\Users\Helena\AppData\Local, USERDOMAIN=DESKTOP-5VH603J, FPS_BROWSER_APP_PROFILE_STRING=Internet Explorer, LOGONSERVER=\\DESKTOP-5VH603J, JAVA_HOME=C:\Program Files\Java\jdk1.8.0_201, PROMPT=$P$G, GRADLE_HOME=C:\gradle-5.1.1, OneDrive=C:\Users\Helena\OneDrive, =C:=C:\Users\Helena\codenation\java-redis, APPDATA=C:\Users\Helena\AppData\Roaming, JAVA_EXE=C:\Program Files\Java\jdk1.8.0_201/bin/java.exe, mongodb=C:\Program Files\MongoDB\Server\4.0\bin, VBOX_MSI_INSTALL_PATH=C:\Program Files\Oracle\VirtualBox\, CommonProgramFiles=C:\Program Files\Common Files, Path=C:\Program Files (x86)\Common Files\Oracle\Java\javapath;C:\WINDOWS\system32;C:\WINDOWS;C:\WINDOWS\System32\Wbem;C:\WINDOWS\System32\WindowsPowerShell\v1.0\;C:\Program Files\PuTTY\;C:\Program Files\Git\cmd;C:\Program Files\Java\jdk1.8.0_201\bin;C:\gradle-5.1.1\bin;C:\WINDOWS\System32\OpenSSH\;C:\Program Files\MongoDB\Server\4.0\bin;C:\HashiCorp\Vagrant\bin;C:\Users\Helena\AppData\Local\Microsoft\WindowsApps;, OS=Windows_NT, COMPUTERNAME=DESKTOP-5VH603J, PROCESSOR_REVISION=170a, CLASSPATH=C:\Users\Helena\codenation\java-redis\\gradle\wrapper\gradle-wrapper.jar, CommonProgramW6432=C:\Program Files\Common Files, ComSpec=C:\WINDOWS\system32\cmd.exe, APP_BASE_NAME=gradlew, SystemRoot=C:\WINDOWS, TEMP=C:\Users\Helena\AppData\Local\Temp, HOMEDRIVE=C:, USERPROFILE=C:\Users\Helena, TMP=C:\Users\Helena\AppData\Local\Temp, CommonProgramFiles(x86)=C:\Program Files (x86)\Common Files, NUMBER_OF_PROCESSORS=2}}]
23:47:16.719 [Test worker] DEBUG org.springframework.core.env.StandardEnvironment - Adding PropertySource 'class path resource [test.properties]' with highest search precedence
23:47:16.721 [Test worker] DEBUG org.springframework.test.context.support.TestPropertySourceUtils - Adding inlined properties to environment: {spring.jmx.enabled=false, org.springframework.boot.test.context.SpringBootTestContextBootstrapper=true, server.port=0}
23:47:16.725 [Test worker] DEBUG org.springframework.core.env.StandardEnvironment - Adding PropertySource 'Inlined Test Properties' with highest search precedence

  .   ____          _            __ _ _
 /\\ / ___'_ __ _ _(_)_ __  __ _ \ \ \ \
( ( )\___ | '_ | '_| | '_ \/ _` | \ \ \ \
 \\/  ___)| |_)| | | | | || (_| |  ) ) ) )
  '  |____| .__|_| |_|_| |_\__, | / / / /
 =========|_|==============|___/=/_/_/_/
 :: Spring Boot ::        (v2.0.6.RELEASE)

2019-02-14 23:47:28.840  INFO 8928 --- [    Test worker] challenge.RestaurantIntegrationTest      : Starting RestaurantIntegrationTest on DESKTOP-5VH603J with PID 8928 (started by Helena in C:\Users\Helena\codenation\java-redis)
2019-02-14 23:47:28.844  INFO 8928 --- [    Test worker] challenge.RestaurantIntegrationTest      : No active profile set, falling back to default profiles: default
2019-02-14 23:47:28.968  INFO 8928 --- [    Test worker] ConfigServletWebServerApplicationContext : Refreshing org.springframework.boot.web.servlet.context.AnnotationConfigServletWebServerApplicationContext@4fee103b: startup date [Thu Feb 14 23:47:28 BRST 2019]; root of context hierarchy
2019-02-14 23:47:32.817  INFO 8928 --- [    Test worker] .s.d.r.c.RepositoryConfigurationDelegate : Multiple Spring Data modules found, entering strict repository configuration mode!
2019-02-14 23:47:33.267  INFO 8928 --- [    Test worker] .s.d.r.c.RepositoryConfigurationDelegate : Multiple Spring Data modules found, entering strict repository configuration mode!
2019-02-14 23:47:33.286  INFO 8928 --- [    Test worker] .s.d.r.c.RepositoryConfigurationDelegate : Multiple Spring Data modules found, entering strict repository configuration mode!
2019-02-14 23:47:38.509  INFO 8928 --- [    Test worker] o.s.b.w.embedded.tomcat.TomcatWebServer  : Tomcat initialized with port(s): 0 (http)
2019-02-14 23:47:38.577  INFO 8928 --- [    Test worker] o.apache.catalina.core.StandardService   : Starting service [Tomcat]
2019-02-14 23:47:38.578  INFO 8928 --- [    Test worker] org.apache.catalina.core.StandardEngine  : Starting Servlet Engine: Apache Tomcat/8.5.34
2019-02-14 23:47:38.606  INFO 8928 --- [ost-startStop-1] o.a.catalina.core.AprLifecycleListener   : The APR based Apache Tomcat Native library which allows optimal performance in production environments was not found on the java.library.path: [C:\Program Files\Java\jdk1.8.0_201\bin;C:\WINDOWS\Sun\Java\bin;C:\WINDOWS\system32;C:\WINDOWS;C:\Program Files (x86)\Common Files\Oracle\Java\javapath;C:\WINDOWS\system32;C:\WINDOWS;C:\WINDOWS\System32\Wbem;C:\WINDOWS\System32\WindowsPowerShell\v1.0\;C:\Program Files\PuTTY\;C:\Program Files\Git\cmd;C:\Program Files\Java\jdk1.8.0_201\bin;C:\gradle-5.1.1\bin;C:\WINDOWS\System32\OpenSSH\;C:\Program Files\MongoDB\Server\4.0\bin;C:\HashiCorp\Vagrant\bin;C:\Users\Helena\AppData\Local\Microsoft\WindowsApps;;.]
2019-02-14 23:47:39.428  INFO 8928 --- [ost-startStop-1] o.a.c.c.C.[Tomcat].[localhost].[/]       : Initializing Spring embedded WebApplicationContext
2019-02-14 23:47:39.429  INFO 8928 --- [ost-startStop-1] o.s.web.context.ContextLoader            : Root WebApplicationContext: initialization completed in 10501 ms
2019-02-14 23:47:39.672  INFO 8928 --- [ost-startStop-1] o.s.b.w.servlet.ServletRegistrationBean  : Servlet dispatcherServlet mapped to [/]
2019-02-14 23:47:39.681  INFO 8928 --- [ost-startStop-1] o.s.b.w.servlet.FilterRegistrationBean   : Mapping filter: 'characterEncodingFilter' to: [/*]
2019-02-14 23:47:39.689  INFO 8928 --- [ost-startStop-1] o.s.b.w.servlet.FilterRegistrationBean   : Mapping filter: 'hiddenHttpMethodFilter' to: [/*]
2019-02-14 23:47:39.690  INFO 8928 --- [ost-startStop-1] o.s.b.w.servlet.FilterRegistrationBean   : Mapping filter: 'httpPutFormContentFilter' to: [/*]
2019-02-14 23:47:39.691  INFO 8928 --- [ost-startStop-1] o.s.b.w.servlet.FilterRegistrationBean   : Mapping filter: 'requestContextFilter' to: [/*]
2019-02-14 23:47:48.972  INFO 8928 --- [    Test worker] org.mongodb.driver.cluster               : Cluster created with settings {hosts=[localhost:27017], mode=SINGLE, requiredClusterType=UNKNOWN, serverSelectionTimeout='30000 ms', maxWaitQueueSize=500}
2019-02-14 23:47:49.223  INFO 8928 --- [localhost:27017] org.mongodb.driver.connection            : Opened connection [connectionId{localValue:1, serverValue:50}] to localhost:27017
2019-02-14 23:47:49.234  INFO 8928 --- [localhost:27017] org.mongodb.driver.cluster               : Monitor thread successfully connected to server with description ServerDescription{address=localhost:27017, type=STANDALONE, state=CONNECTED, ok=true, version=ServerVersion{versionList=[4, 0, 5]}, minWireVersion=0, maxWireVersion=7, maxDocumentSize=16777216, logicalSessionTimeoutMinutes=30, roundTripTimeNanos=7877863}
2019-02-14 23:47:51.323  INFO 8928 --- [    Test worker] o.s.w.s.handler.SimpleUrlHandlerMapping  : Mapped URL path [/**/favicon.ico] onto handler of type [class org.springframework.web.servlet.resource.ResourceHttpRequestHandler]
2019-02-14 23:47:53.585  INFO 8928 --- [    Test worker] s.w.s.m.m.a.RequestMappingHandlerAdapter : Looking for @ControllerAdvice: org.springframework.boot.web.servlet.context.AnnotationConfigServletWebServerApplicationContext@4fee103b: startup date [Thu Feb 14 23:47:28 BRST 2019]; root of context hierarchy
2019-02-14 23:47:53.857  INFO 8928 --- [    Test worker] s.w.s.m.m.a.RequestMappingHandlerMapping : Mapped "{[/restaurants/findInNeighborhood],methods=[GET]}" onto public challenge.NeighborhoodRedis challenge.RestaurantController.findInNeighborhood(java.lang.Double,java.lang.Double)
2019-02-14 23:47:53.870  INFO 8928 --- [    Test worker] s.w.s.m.m.a.RequestMappingHandlerMapping : Mapped "{[/error]}" onto public org.springframework.http.ResponseEntity<java.util.Map<java.lang.String, java.lang.Object>> org.springframework.boot.autoconfigure.web.servlet.error.BasicErrorController.error(javax.servlet.http.HttpServletRequest)
2019-02-14 23:47:53.879  INFO 8928 --- [    Test worker] s.w.s.m.m.a.RequestMappingHandlerMapping : Mapped "{[/error],produces=[text/html]}" onto public org.springframework.web.servlet.ModelAndView org.springframework.boot.autoconfigure.web.servlet.error.BasicErrorController.errorHtml(javax.servlet.http.HttpServletRequest,javax.servlet.http.HttpServletResponse)
2019-02-14 23:47:54.081  INFO 8928 --- [    Test worker] o.s.w.s.handler.SimpleUrlHandlerMapping  : Mapped URL path [/webjars/**] onto handler of type [class org.springframework.web.servlet.resource.ResourceHttpRequestHandler]
2019-02-14 23:47:54.081  INFO 8928 --- [    Test worker] o.s.w.s.handler.SimpleUrlHandlerMapping  : Mapped URL path [/**] onto handler of type [class org.springframework.web.servlet.resource.ResourceHttpRequestHandler]
2019-02-14 23:47:55.824  INFO 8928 --- [    Test worker] o.s.b.w.embedded.tomcat.TomcatWebServer  : Tomcat started on port(s): 52720 (http) with context path ''
2019-02-14 23:47:55.836  INFO 8928 --- [    Test worker] challenge.RestaurantIntegrationTest      : Started RestaurantIntegrationTest in 39.103 seconds (JVM running for 64.905)
2019-02-14 23:47:56.770  INFO 8928 --- [    Test worker] org.mongodb.driver.connection            : Opened connection [connectionId{localValue:2, serverValue:51}] to localhost:27017
2019-02-14 23:48:07.068  INFO 8928 --- [    Test worker] io.lettuce.core.EpollProvider            : Starting without optional epoll library
2019-02-14 23:48:07.073  INFO 8928 --- [    Test worker] io.lettuce.core.KqueueProvider           : Starting without optional kqueue library
2019-02-14 23:48:08.963  INFO 8928 --- [o-auto-1-exec-1] o.a.c.c.C.[Tomcat].[localhost].[/]       : Initializing Spring FrameworkServlet 'dispatcherServlet'
2019-02-14 23:48:08.970  INFO 8928 --- [o-auto-1-exec-1] o.s.web.servlet.DispatcherServlet        : FrameworkServlet 'dispatcherServlet': initialization started
2019-02-14 23:48:09.040  INFO 8928 --- [o-auto-1-exec-1] o.s.web.servlet.DispatcherServlet        : FrameworkServlet 'dispatcherServlet': initialization completed in 64 ms
]]></system-out>
  <system-err><![CDATA[]]></system-err>
</testsuite>
